#
# A fatal error has been detected by the Java Runtime Environment:
#
#  EXCEPTION_ACCESS_VIOLATION (0xc0000005) at pc=0x000000006ee76520, pid=8860, tid=5116
#
# JRE version: Java(TM) SE Runtime Environment 18.9 (11.0.8+10) (build 11.0.8+10-LTS)
# Java VM: Java HotSpot(TM) 64-Bit Server VM 18.9 (11.0.8+10-LTS, mixed mode, tiered, compressed oops, g1 gc, windows-amd64)
# Problematic frame:
# C  [xuggle7057372274243598971.dll+0x736520]
#
# No core dump will be written. Minidumps are not enabled by default on client versions of Windows
#
# If you would like to submit a bug report, please visit:
#   https://bugreport.java.com/bugreport/crash.jsp
# The crash happened outside the Java Virtual Machine in native code.
# See problematic frame for where to report the bug.
#

---------------  S U M M A R Y ------------

Command Line: -javaagent:C:\ideaIC-2019.3.5.win\lib\idea_rt.jar=56676:C:\ideaIC-2019.3.5.win\bin -Dfile.encoding=UTF-8 TestVideo

Host: AMD Ryzen 7 PRO 2700U w/ Radeon Vega Mobile Gfx, 8 cores, 14G,  Windows 10 , 64 bit Build 17763 (10.0.17763.475)
Time: Tue Aug 25 18:34:43 2020 India Standard Time elapsed time: 3 seconds (0d 0h 0m 3s)

---------------  T H R E A D  ---------------

Current thread (0x0000018081c4e000):  JavaThread "main" [_thread_in_native, id=5116, stack(0x00000073b0000000,0x00000073b0100000)]

Stack: [0x00000073b0000000,0x00000073b0100000],  sp=0x00000073b00fdcc0,  free space=1015k
Native frames: (J=compiled Java code, j=interpreted, Vv=VM code, C=native code)
C  [xuggle7057372274243598971.dll+0x736520]

Java frames: (J=compiled Java code, j=interpreted, Vv=VM code)
j  com.xuggle.xuggler.XugglerJNI.IContainer_open__SWIG_1(JLcom/xuggle/xuggler/IContainer;Ljava/lang/String;IJLcom/xuggle/xuggler/IContainerFormat;ZZ)I+0
j  com.xuggle.xuggler.IContainer.open(Ljava/lang/String;Lcom/xuggle/xuggler/IContainer$Type;Lcom/xuggle/xuggler/IContainerFormat;ZZ)I+19
j  com.xuggle.mediatool.MediaReader.open()V+20
j  com.xuggle.mediatool.MediaReader.readPacket()Lcom/xuggle/xuggler/IError;+8
j  TestVideo.main([Ljava/lang/String;)V+7
v  ~StubRoutines::call_stub

siginfo: EXCEPTION_ACCESS_VIOLATION (0xc0000005), reading address 0xffffffffffffffff


Register to memory mapping:

RIP=0x000000006ee76520 xuggle7057372274243598971.dll
RAX=0x00000180a6638ed0 points into unknown readable memory: 00 00 00 00 00 00 00 80
RBX=0x00000180a6884b20 points into unknown readable memory: 05 00 00 00 01 00 00 00
RCX=0x00000180a6638ed0 points into unknown readable memory: 00 00 00 00 00 00 00 80
RDX=0x0000000000000009 is an unknown value
RSP=0x00000073b00fdcc0 is pointing into the stack for thread: 0x0000018081c4e000
RBP=0x00000180a6638610 points into unknown readable memory: 20 c8 54 a6 80 01 00 00
RSI=0x00000180a6639ed0 points into unknown readable memory: 09 00 00 00 01 00 00 00
RDI=0x0000000000000004 is an unknown value
R8 =0x000000006ee77580 xuggle7057372274243598971.dll
R9 =0x000000006ee76490 xuggle7057372274243598971.dll
R10=0x00000180a68f36c0 points into unknown readable memory: 04 00 84 01 c4 00 64 01
R11=0x00000180a6565540 points into unknown readable memory: 2d f3 b4 bc bb 64 b4 bc
R12=0x00000180a6565d40 points into unknown readable memory: b8 16 b5 bc 9e a4 b5 bc
R13=0x0000000000000004 is an unknown value
R14=0x0000000000000184 is an unknown value
R15=0x000000006fab8f20 xuggle7057372274243598971.dll


Registers:
RAX=0x00000180a6638ed0, RBX=0x00000180a6884b20, RCX=0x00000180a6638ed0, RDX=0x0000000000000009
RSP=0x00000073b00fdcc0, RBP=0x00000180a6638610, RSI=0x00000180a6639ed0, RDI=0x0000000000000004
R8 =0x000000006ee77580, R9 =0x000000006ee76490, R10=0x00000180a68f36c0, R11=0x00000180a6565540
R12=0x00000180a6565d40, R13=0x0000000000000004, R14=0x0000000000000184, R15=0x000000006fab8f20
RIP=0x000000006ee76520, EFLAGS=0x0000000000010202

Top of Stack: (sp=0x00000073b00fdcc0)
0x00000073b00fdcc0:   000000006ee76665 000000006ee774c5
0x00000073b00fdcd0:   000000006ee77505 000000006ee77545
0x00000073b00fdce0:   000000006ee77585 000000006ee79426
0x00000073b00fdcf0:   000000006fab8f20 00000180a6638ed0
0x00000073b00fdd00:   00000180a6886fe0 000000071ff06940
0x00000073b00fdd10:   3fe0000000000000 0000000000000000
0x00000073b00fdd20:   40c7760000000000 0000000000000000
0x00000073b00fdd30:   3fe0000000000000 0000000000000001
0x00000073b00fdd40:   00000180a6887fe0 000000006ea45d24
0x00000073b00fdd50:   3f40624dd2f1a9fc 0000000000000000
0x00000073b00fdd60:   0000000000000000 0000000000000000
0x00000073b00fdd70:   0000000000000000 0000000000000000
0x00000073b00fdd80:   00000180a6890ee0 000000006fab7320
0x00000073b00fdd90:   0000000004000004 00000180a6884a80
0x00000073b00fdda0:   0000000000000001 00000180a6638610
0x00000073b00fddb0:   00000180a6638690 0000000000000000 

Instructions: (pc=0x000000006ee76520)
0x000000006ee76500:   c4 e3 5d 0c c0 55 c5 e4 5c c8 c5 e4 58 c0 c5 fc
0x000000006ee76510:   29 01 c5 fc 29 49 20 c3 0f 1f 84 00 00 00 00 00
0x000000006ee76520:   c5 fc 28 51 40 c5 fc 28 59 60 c5 ec 5c fb c5 ec
0x000000006ee76530:   58 d3 c5 c4 57 3d 26 41 84 00 c5 ec c6 df be c5 


Stack slot to memory mapping:
stack at sp + 0 slots: 0x000000006ee76665 xuggle7057372274243598971.dll
stack at sp + 1 slots: 0x000000006ee774c5 xuggle7057372274243598971.dll
stack at sp + 2 slots: 0x000000006ee77505 xuggle7057372274243598971.dll
stack at sp + 3 slots: 0x000000006ee77545 xuggle7057372274243598971.dll
stack at sp + 4 slots: 0x000000006ee77585 xuggle7057372274243598971.dll
stack at sp + 5 slots: 0x000000006ee79426 xuggle7057372274243598971.dll
stack at sp + 6 slots: 0x000000006fab8f20 xuggle7057372274243598971.dll
stack at sp + 7 slots: 0x00000180a6638ed0 points into unknown readable memory: 00 00 00 00 00 00 00 80


---------------  P R O C E S S  ---------------

Threads class SMR info:
_java_thread_list=0x00000180a58fa7a0, length=11, elements={
0x0000018081c4e000, 0x00000180a5591000, 0x00000180a55b3800, 0x00000180a5614800,
0x00000180a5615800, 0x00000180a5616800, 0x00000180a561a000, 0x00000180a561c000,
0x00000180a4aa9800, 0x00000180a585a000, 0x00000180a585a800
}

Java Threads: ( => current thread )
=>0x0000018081c4e000 JavaThread "main" [_thread_in_native, id=5116, stack(0x00000073b0000000,0x00000073b0100000)]
  0x00000180a5591000 JavaThread "Reference Handler" daemon [_thread_blocked, id=2272, stack(0x00000073b0700000,0x00000073b0800000)]
  0x00000180a55b3800 JavaThread "Finalizer" daemon [_thread_blocked, id=4420, stack(0x00000073b0800000,0x00000073b0900000)]
  0x00000180a5614800 JavaThread "Signal Dispatcher" daemon [_thread_blocked, id=4916, stack(0x00000073b0900000,0x00000073b0a00000)]
  0x00000180a5615800 JavaThread "Attach Listener" daemon [_thread_blocked, id=16304, stack(0x00000073b0a00000,0x00000073b0b00000)]
  0x00000180a5616800 JavaThread "C2 CompilerThread0" daemon [_thread_blocked, id=16564, stack(0x00000073b0b00000,0x00000073b0c00000)]
  0x00000180a561a000 JavaThread "C1 CompilerThread0" daemon [_thread_blocked, id=6184, stack(0x00000073b0c00000,0x00000073b0d00000)]
  0x00000180a561c000 JavaThread "Sweeper thread" daemon [_thread_blocked, id=2172, stack(0x00000073b0d00000,0x00000073b0e00000)]
  0x00000180a4aa9800 JavaThread "Common-Cleaner" daemon [_thread_blocked, id=2332, stack(0x00000073b0e00000,0x00000073b0f00000)]
  0x00000180a585a000 JavaThread "Monitor Ctrl-Break" daemon [_thread_in_native, id=4196, stack(0x00000073b0f00000,0x00000073b1000000)]
  0x00000180a585a800 JavaThread "Service Thread" daemon [_thread_blocked, id=14576, stack(0x00000073b1000000,0x00000073b1100000)]

Other Threads:
  0x00000180a558d800 VMThread "VM Thread" [stack: 0x00000073b0600000,0x00000073b0700000] [id=15376]
  0x00000180a58b5800 WatcherThread [stack: 0x00000073b1100000,0x00000073b1200000] [id=4368]
  0x0000018081c63800 GCTaskThread "GC Thread#0" [stack: 0x00000073b0100000,0x00000073b0200000] [id=16764]
  0x0000018081cbb800 ConcurrentGCThread "G1 Main Marker" [stack: 0x00000073b0200000,0x00000073b0300000] [id=1748]
  0x0000018081cbd800 ConcurrentGCThread "G1 Conc#0" [stack: 0x00000073b0300000,0x00000073b0400000] [id=14732]
  0x00000180a49d1800 ConcurrentGCThread "G1 Refine#0" [stack: 0x00000073b0400000,0x00000073b0500000] [id=10252]
  0x00000180a49d2000 ConcurrentGCThread "G1 Young RemSet Sampling" [stack: 0x00000073b0500000,0x00000073b0600000] [id=6800]

Threads with active compile tasks:

VM state:not at safepoint (normal execution)

VM Mutex/Monitor currently owned by a thread: None

Heap address: 0x0000000711000000, size: 3824 MB, Compressed Oops mode: Zero based, Oop shift amount: 3
Narrow klass base: 0x0000000800000000, Narrow klass shift: 0
Compressed class space size: 1073741824 Address: 0x0000000800000000

Heap:
 garbage-first heap   total 245760K, used 6144K [0x0000000711000000, 0x0000000800000000)
  region size 1024K, 7 young (7168K), 0 survivors (0K)
 Metaspace       used 9343K, capacity 9531K, committed 9728K, reserved 1058816K
  class space    used 856K, capacity 899K, committed 1024K, reserved 1048576K
Heap Regions: E=young(eden), S=young(survivor), O=old, HS=humongous(starts), HC=humongous(continues), CS=collection set, F=free, A=archive, TAMS=top-at-mark-start (previous, next)
|   0|0x0000000711000000, 0x0000000711000000, 0x0000000711100000|  0%| F|  |TAMS 0x0000000711000000, 0x0000000711000000| Untracked 
|   1|0x0000000711100000, 0x0000000711100000, 0x0000000711200000|  0%| F|  |TAMS 0x0000000711100000, 0x0000000711100000| Untracked 
|   2|0x0000000711200000, 0x0000000711200000, 0x0000000711300000|  0%| F|  |TAMS 0x0000000711200000, 0x0000000711200000| Untracked 
|   3|0x0000000711300000, 0x0000000711300000, 0x0000000711400000|  0%| F|  |TAMS 0x0000000711300000, 0x0000000711300000| Untracked 
|   4|0x0000000711400000, 0x0000000711400000, 0x0000000711500000|  0%| F|  |TAMS 0x0000000711400000, 0x0000000711400000| Untracked 
|   5|0x0000000711500000, 0x0000000711500000, 0x0000000711600000|  0%| F|  |TAMS 0x0000000711500000, 0x0000000711500000| Untracked 
|   6|0x0000000711600000, 0x0000000711600000, 0x0000000711700000|  0%| F|  |TAMS 0x0000000711600000, 0x0000000711600000| Untracked 
|   7|0x0000000711700000, 0x0000000711700000, 0x0000000711800000|  0%| F|  |TAMS 0x0000000711700000, 0x0000000711700000| Untracked 
|   8|0x0000000711800000, 0x0000000711800000, 0x0000000711900000|  0%| F|  |TAMS 0x0000000711800000, 0x0000000711800000| Untracked 
|   9|0x0000000711900000, 0x0000000711900000, 0x0000000711a00000|  0%| F|  |TAMS 0x0000000711900000, 0x0000000711900000| Untracked 
|  10|0x0000000711a00000, 0x0000000711a00000, 0x0000000711b00000|  0%| F|  |TAMS 0x0000000711a00000, 0x0000000711a00000| Untracked 
|  11|0x0000000711b00000, 0x0000000711b00000, 0x0000000711c00000|  0%| F|  |TAMS 0x0000000711b00000, 0x0000000711b00000| Untracked 
|  12|0x0000000711c00000, 0x0000000711c00000, 0x0000000711d00000|  0%| F|  |TAMS 0x0000000711c00000, 0x0000000711c00000| Untracked 
|  13|0x0000000711d00000, 0x0000000711d00000, 0x0000000711e00000|  0%| F|  |TAMS 0x0000000711d00000, 0x0000000711d00000| Untracked 
|  14|0x0000000711e00000, 0x0000000711e00000, 0x0000000711f00000|  0%| F|  |TAMS 0x0000000711e00000, 0x0000000711e00000| Untracked 
|  15|0x0000000711f00000, 0x0000000711f00000, 0x0000000712000000|  0%| F|  |TAMS 0x0000000711f00000, 0x0000000711f00000| Untracked 
|  16|0x0000000712000000, 0x0000000712000000, 0x0000000712100000|  0%| F|  |TAMS 0x0000000712000000, 0x0000000712000000| Untracked 
|  17|0x0000000712100000, 0x0000000712100000, 0x0000000712200000|  0%| F|  |TAMS 0x0000000712100000, 0x0000000712100000| Untracked 
|  18|0x0000000712200000, 0x0000000712200000, 0x0000000712300000|  0%| F|  |TAMS 0x0000000712200000, 0x0000000712200000| Untracked 
|  19|0x0000000712300000, 0x0000000712300000, 0x0000000712400000|  0%| F|  |TAMS 0x0000000712300000, 0x0000000712300000| Untracked 
|  20|0x0000000712400000, 0x0000000712400000, 0x0000000712500000|  0%| F|  |TAMS 0x0000000712400000, 0x0000000712400000| Untracked 
|  21|0x0000000712500000, 0x0000000712500000, 0x0000000712600000|  0%| F|  |TAMS 0x0000000712500000, 0x0000000712500000| Untracked 
|  22|0x0000000712600000, 0x0000000712600000, 0x0000000712700000|  0%| F|  |TAMS 0x0000000712600000, 0x0000000712600000| Untracked 
|  23|0x0000000712700000, 0x0000000712700000, 0x0000000712800000|  0%| F|  |TAMS 0x0000000712700000, 0x0000000712700000| Untracked 
|  24|0x0000000712800000, 0x0000000712800000, 0x0000000712900000|  0%| F|  |TAMS 0x0000000712800000, 0x0000000712800000| Untracked 
|  25|0x0000000712900000, 0x0000000712900000, 0x0000000712a00000|  0%| F|  |TAMS 0x0000000712900000, 0x0000000712900000| Untracked 
|  26|0x0000000712a00000, 0x0000000712a00000, 0x0000000712b00000|  0%| F|  |TAMS 0x0000000712a00000, 0x0000000712a00000| Untracked 
|  27|0x0000000712b00000, 0x0000000712b00000, 0x0000000712c00000|  0%| F|  |TAMS 0x0000000712b00000, 0x0000000712b00000| Untracked 
|  28|0x0000000712c00000, 0x0000000712c00000, 0x0000000712d00000|  0%| F|  |TAMS 0x0000000712c00000, 0x0000000712c00000| Untracked 
|  29|0x0000000712d00000, 0x0000000712d00000, 0x0000000712e00000|  0%| F|  |TAMS 0x0000000712d00000, 0x0000000712d00000| Untracked 
|  30|0x0000000712e00000, 0x0000000712e00000, 0x0000000712f00000|  0%| F|  |TAMS 0x0000000712e00000, 0x0000000712e00000| Untracked 
|  31|0x0000000712f00000, 0x0000000712f00000, 0x0000000713000000|  0%| F|  |TAMS 0x0000000712f00000, 0x0000000712f00000| Untracked 
|  32|0x0000000713000000, 0x0000000713000000, 0x0000000713100000|  0%| F|  |TAMS 0x0000000713000000, 0x0000000713000000| Untracked 
|  33|0x0000000713100000, 0x0000000713100000, 0x0000000713200000|  0%| F|  |TAMS 0x0000000713100000, 0x0000000713100000| Untracked 
|  34|0x0000000713200000, 0x0000000713200000, 0x0000000713300000|  0%| F|  |TAMS 0x0000000713200000, 0x0000000713200000| Untracked 
|  35|0x0000000713300000, 0x0000000713300000, 0x0000000713400000|  0%| F|  |TAMS 0x0000000713300000, 0x0000000713300000| Untracked 
|  36|0x0000000713400000, 0x0000000713400000, 0x0000000713500000|  0%| F|  |TAMS 0x0000000713400000, 0x0000000713400000| Untracked 
|  37|0x0000000713500000, 0x0000000713500000, 0x0000000713600000|  0%| F|  |TAMS 0x0000000713500000, 0x0000000713500000| Untracked 
|  38|0x0000000713600000, 0x0000000713600000, 0x0000000713700000|  0%| F|  |TAMS 0x0000000713600000, 0x0000000713600000| Untracked 
|  39|0x0000000713700000, 0x0000000713700000, 0x0000000713800000|  0%| F|  |TAMS 0x0000000713700000, 0x0000000713700000| Untracked 
|  40|0x0000000713800000, 0x0000000713800000, 0x0000000713900000|  0%| F|  |TAMS 0x0000000713800000, 0x0000000713800000| Untracked 
|  41|0x0000000713900000, 0x0000000713900000, 0x0000000713a00000|  0%| F|  |TAMS 0x0000000713900000, 0x0000000713900000| Untracked 
|  42|0x0000000713a00000, 0x0000000713a00000, 0x0000000713b00000|  0%| F|  |TAMS 0x0000000713a00000, 0x0000000713a00000| Untracked 
|  43|0x0000000713b00000, 0x0000000713b00000, 0x0000000713c00000|  0%| F|  |TAMS 0x0000000713b00000, 0x0000000713b00000| Untracked 
|  44|0x0000000713c00000, 0x0000000713c00000, 0x0000000713d00000|  0%| F|  |TAMS 0x0000000713c00000, 0x0000000713c00000| Untracked 
|  45|0x0000000713d00000, 0x0000000713d00000, 0x0000000713e00000|  0%| F|  |TAMS 0x0000000713d00000, 0x0000000713d00000| Untracked 
|  46|0x0000000713e00000, 0x0000000713e00000, 0x0000000713f00000|  0%| F|  |TAMS 0x0000000713e00000, 0x0000000713e00000| Untracked 
|  47|0x0000000713f00000, 0x0000000713f00000, 0x0000000714000000|  0%| F|  |TAMS 0x0000000713f00000, 0x0000000713f00000| Untracked 
|  48|0x0000000714000000, 0x0000000714000000, 0x0000000714100000|  0%| F|  |TAMS 0x0000000714000000, 0x0000000714000000| Untracked 
|  49|0x0000000714100000, 0x0000000714100000, 0x0000000714200000|  0%| F|  |TAMS 0x0000000714100000, 0x0000000714100000| Untracked 
|  50|0x0000000714200000, 0x0000000714200000, 0x0000000714300000|  0%| F|  |TAMS 0x0000000714200000, 0x0000000714200000| Untracked 
|  51|0x0000000714300000, 0x0000000714300000, 0x0000000714400000|  0%| F|  |TAMS 0x0000000714300000, 0x0000000714300000| Untracked 
|  52|0x0000000714400000, 0x0000000714400000, 0x0000000714500000|  0%| F|  |TAMS 0x0000000714400000, 0x0000000714400000| Untracked 
|  53|0x0000000714500000, 0x0000000714500000, 0x0000000714600000|  0%| F|  |TAMS 0x0000000714500000, 0x0000000714500000| Untracked 
|  54|0x0000000714600000, 0x0000000714600000, 0x0000000714700000|  0%| F|  |TAMS 0x0000000714600000, 0x0000000714600000| Untracked 
|  55|0x0000000714700000, 0x0000000714700000, 0x0000000714800000|  0%| F|  |TAMS 0x0000000714700000, 0x0000000714700000| Untracked 
|  56|0x0000000714800000, 0x0000000714800000, 0x0000000714900000|  0%| F|  |TAMS 0x0000000714800000, 0x0000000714800000| Untracked 
|  57|0x0000000714900000, 0x0000000714900000, 0x0000000714a00000|  0%| F|  |TAMS 0x0000000714900000, 0x0000000714900000| Untracked 
|  58|0x0000000714a00000, 0x0000000714a00000, 0x0000000714b00000|  0%| F|  |TAMS 0x0000000714a00000, 0x0000000714a00000| Untracked 
|  59|0x0000000714b00000, 0x0000000714b00000, 0x0000000714c00000|  0%| F|  |TAMS 0x0000000714b00000, 0x0000000714b00000| Untracked 
|  60|0x0000000714c00000, 0x0000000714c00000, 0x0000000714d00000|  0%| F|  |TAMS 0x0000000714c00000, 0x0000000714c00000| Untracked 
|  61|0x0000000714d00000, 0x0000000714d00000, 0x0000000714e00000|  0%| F|  |TAMS 0x0000000714d00000, 0x0000000714d00000| Untracked 
|  62|0x0000000714e00000, 0x0000000714e00000, 0x0000000714f00000|  0%| F|  |TAMS 0x0000000714e00000, 0x0000000714e00000| Untracked 
|  63|0x0000000714f00000, 0x0000000714f00000, 0x0000000715000000|  0%| F|  |TAMS 0x0000000714f00000, 0x0000000714f00000| Untracked 
|  64|0x0000000715000000, 0x0000000715000000, 0x0000000715100000|  0%| F|  |TAMS 0x0000000715000000, 0x0000000715000000| Untracked 
|  65|0x0000000715100000, 0x0000000715100000, 0x0000000715200000|  0%| F|  |TAMS 0x0000000715100000, 0x0000000715100000| Untracked 
|  66|0x0000000715200000, 0x0000000715200000, 0x0000000715300000|  0%| F|  |TAMS 0x0000000715200000, 0x0000000715200000| Untracked 
|  67|0x0000000715300000, 0x0000000715300000, 0x0000000715400000|  0%| F|  |TAMS 0x0000000715300000, 0x0000000715300000| Untracked 
|  68|0x0000000715400000, 0x0000000715400000, 0x0000000715500000|  0%| F|  |TAMS 0x0000000715400000, 0x0000000715400000| Untracked 
|  69|0x0000000715500000, 0x0000000715500000, 0x0000000715600000|  0%| F|  |TAMS 0x0000000715500000, 0x0000000715500000| Untracked 
|  70|0x0000000715600000, 0x0000000715600000, 0x0000000715700000|  0%| F|  |TAMS 0x0000000715600000, 0x0000000715600000| Untracked 
|  71|0x0000000715700000, 0x0000000715700000, 0x0000000715800000|  0%| F|  |TAMS 0x0000000715700000, 0x0000000715700000| Untracked 
|  72|0x0000000715800000, 0x0000000715800000, 0x0000000715900000|  0%| F|  |TAMS 0x0000000715800000, 0x0000000715800000| Untracked 
|  73|0x0000000715900000, 0x0000000715900000, 0x0000000715a00000|  0%| F|  |TAMS 0x0000000715900000, 0x0000000715900000| Untracked 
|  74|0x0000000715a00000, 0x0000000715a00000, 0x0000000715b00000|  0%| F|  |TAMS 0x0000000715a00000, 0x0000000715a00000| Untracked 
|  75|0x0000000715b00000, 0x0000000715b00000, 0x0000000715c00000|  0%| F|  |TAMS 0x0000000715b00000, 0x0000000715b00000| Untracked 
|  76|0x0000000715c00000, 0x0000000715c00000, 0x0000000715d00000|  0%| F|  |TAMS 0x0000000715c00000, 0x0000000715c00000| Untracked 
|  77|0x0000000715d00000, 0x0000000715d00000, 0x0000000715e00000|  0%| F|  |TAMS 0x0000000715d00000, 0x0000000715d00000| Untracked 
|  78|0x0000000715e00000, 0x0000000715e00000, 0x0000000715f00000|  0%| F|  |TAMS 0x0000000715e00000, 0x0000000715e00000| Untracked 
|  79|0x0000000715f00000, 0x0000000715f00000, 0x0000000716000000|  0%| F|  |TAMS 0x0000000715f00000, 0x0000000715f00000| Untracked 
|  80|0x0000000716000000, 0x0000000716000000, 0x0000000716100000|  0%| F|  |TAMS 0x0000000716000000, 0x0000000716000000| Untracked 
|  81|0x0000000716100000, 0x0000000716100000, 0x0000000716200000|  0%| F|  |TAMS 0x0000000716100000, 0x0000000716100000| Untracked 
|  82|0x0000000716200000, 0x0000000716200000, 0x0000000716300000|  0%| F|  |TAMS 0x0000000716200000, 0x0000000716200000| Untracked 
|  83|0x0000000716300000, 0x0000000716300000, 0x0000000716400000|  0%| F|  |TAMS 0x0000000716300000, 0x0000000716300000| Untracked 
|  84|0x0000000716400000, 0x0000000716400000, 0x0000000716500000|  0%| F|  |TAMS 0x0000000716400000, 0x0000000716400000| Untracked 
|  85|0x0000000716500000, 0x0000000716500000, 0x0000000716600000|  0%| F|  |TAMS 0x0000000716500000, 0x0000000716500000| Untracked 
|  86|0x0000000716600000, 0x0000000716600000, 0x0000000716700000|  0%| F|  |TAMS 0x0000000716600000, 0x0000000716600000| Untracked 
|  87|0x0000000716700000, 0x0000000716700000, 0x0000000716800000|  0%| F|  |TAMS 0x0000000716700000, 0x0000000716700000| Untracked 
|  88|0x0000000716800000, 0x0000000716800000, 0x0000000716900000|  0%| F|  |TAMS 0x0000000716800000, 0x0000000716800000| Untracked 
|  89|0x0000000716900000, 0x0000000716900000, 0x0000000716a00000|  0%| F|  |TAMS 0x0000000716900000, 0x0000000716900000| Untracked 
|  90|0x0000000716a00000, 0x0000000716a00000, 0x0000000716b00000|  0%| F|  |TAMS 0x0000000716a00000, 0x0000000716a00000| Untracked 
|  91|0x0000000716b00000, 0x0000000716b00000, 0x0000000716c00000|  0%| F|  |TAMS 0x0000000716b00000, 0x0000000716b00000| Untracked 
|  92|0x0000000716c00000, 0x0000000716c00000, 0x0000000716d00000|  0%| F|  |TAMS 0x0000000716c00000, 0x0000000716c00000| Untracked 
|  93|0x0000000716d00000, 0x0000000716d00000, 0x0000000716e00000|  0%| F|  |TAMS 0x0000000716d00000, 0x0000000716d00000| Untracked 
|  94|0x0000000716e00000, 0x0000000716e00000, 0x0000000716f00000|  0%| F|  |TAMS 0x0000000716e00000, 0x0000000716e00000| Untracked 
|  95|0x0000000716f00000, 0x0000000716f00000, 0x0000000717000000|  0%| F|  |TAMS 0x0000000716f00000, 0x0000000716f00000| Untracked 
|  96|0x0000000717000000, 0x0000000717000000, 0x0000000717100000|  0%| F|  |TAMS 0x0000000717000000, 0x0000000717000000| Untracked 
|  97|0x0000000717100000, 0x0000000717100000, 0x0000000717200000|  0%| F|  |TAMS 0x0000000717100000, 0x0000000717100000| Untracked 
|  98|0x0000000717200000, 0x0000000717200000, 0x0000000717300000|  0%| F|  |TAMS 0x0000000717200000, 0x0000000717200000| Untracked 
|  99|0x0000000717300000, 0x0000000717300000, 0x0000000717400000|  0%| F|  |TAMS 0x0000000717300000, 0x0000000717300000| Untracked 
| 100|0x0000000717400000, 0x0000000717400000, 0x0000000717500000|  0%| F|  |TAMS 0x0000000717400000, 0x0000000717400000| Untracked 
| 101|0x0000000717500000, 0x0000000717500000, 0x0000000717600000|  0%| F|  |TAMS 0x0000000717500000, 0x0000000717500000| Untracked 
| 102|0x0000000717600000, 0x0000000717600000, 0x0000000717700000|  0%| F|  |TAMS 0x0000000717600000, 0x0000000717600000| Untracked 
| 103|0x0000000717700000, 0x0000000717700000, 0x0000000717800000|  0%| F|  |TAMS 0x0000000717700000, 0x0000000717700000| Untracked 
| 104|0x0000000717800000, 0x0000000717800000, 0x0000000717900000|  0%| F|  |TAMS 0x0000000717800000, 0x0000000717800000| Untracked 
| 105|0x0000000717900000, 0x0000000717900000, 0x0000000717a00000|  0%| F|  |TAMS 0x0000000717900000, 0x0000000717900000| Untracked 
| 106|0x0000000717a00000, 0x0000000717a00000, 0x0000000717b00000|  0%| F|  |TAMS 0x0000000717a00000, 0x0000000717a00000| Untracked 
| 107|0x0000000717b00000, 0x0000000717b00000, 0x0000000717c00000|  0%| F|  |TAMS 0x0000000717b00000, 0x0000000717b00000| Untracked 
| 108|0x0000000717c00000, 0x0000000717c00000, 0x0000000717d00000|  0%| F|  |TAMS 0x0000000717c00000, 0x0000000717c00000| Untracked 
| 109|0x0000000717d00000, 0x0000000717d00000, 0x0000000717e00000|  0%| F|  |TAMS 0x0000000717d00000, 0x0000000717d00000| Untracked 
| 110|0x0000000717e00000, 0x0000000717e00000, 0x0000000717f00000|  0%| F|  |TAMS 0x0000000717e00000, 0x0000000717e00000| Untracked 
| 111|0x0000000717f00000, 0x0000000717f00000, 0x0000000718000000|  0%| F|  |TAMS 0x0000000717f00000, 0x0000000717f00000| Untracked 
| 112|0x0000000718000000, 0x0000000718000000, 0x0000000718100000|  0%| F|  |TAMS 0x0000000718000000, 0x0000000718000000| Untracked 
| 113|0x0000000718100000, 0x0000000718100000, 0x0000000718200000|  0%| F|  |TAMS 0x0000000718100000, 0x0000000718100000| Untracked 
| 114|0x0000000718200000, 0x0000000718200000, 0x0000000718300000|  0%| F|  |TAMS 0x0000000718200000, 0x0000000718200000| Untracked 
| 115|0x0000000718300000, 0x0000000718300000, 0x0000000718400000|  0%| F|  |TAMS 0x0000000718300000, 0x0000000718300000| Untracked 
| 116|0x0000000718400000, 0x0000000718400000, 0x0000000718500000|  0%| F|  |TAMS 0x0000000718400000, 0x0000000718400000| Untracked 
| 117|0x0000000718500000, 0x0000000718500000, 0x0000000718600000|  0%| F|  |TAMS 0x0000000718500000, 0x0000000718500000| Untracked 
| 118|0x0000000718600000, 0x0000000718600000, 0x0000000718700000|  0%| F|  |TAMS 0x0000000718600000, 0x0000000718600000| Untracked 
| 119|0x0000000718700000, 0x0000000718700000, 0x0000000718800000|  0%| F|  |TAMS 0x0000000718700000, 0x0000000718700000| Untracked 
| 120|0x0000000718800000, 0x0000000718800000, 0x0000000718900000|  0%| F|  |TAMS 0x0000000718800000, 0x0000000718800000| Untracked 
| 121|0x0000000718900000, 0x0000000718900000, 0x0000000718a00000|  0%| F|  |TAMS 0x0000000718900000, 0x0000000718900000| Untracked 
| 122|0x0000000718a00000, 0x0000000718a00000, 0x0000000718b00000|  0%| F|  |TAMS 0x0000000718a00000, 0x0000000718a00000| Untracked 
| 123|0x0000000718b00000, 0x0000000718b00000, 0x0000000718c00000|  0%| F|  |TAMS 0x0000000718b00000, 0x0000000718b00000| Untracked 
| 124|0x0000000718c00000, 0x0000000718c00000, 0x0000000718d00000|  0%| F|  |TAMS 0x0000000718c00000, 0x0000000718c00000| Untracked 
| 125|0x0000000718d00000, 0x0000000718d00000, 0x0000000718e00000|  0%| F|  |TAMS 0x0000000718d00000, 0x0000000718d00000| Untracked 
| 126|0x0000000718e00000, 0x0000000718e00000, 0x0000000718f00000|  0%| F|  |TAMS 0x0000000718e00000, 0x0000000718e00000| Untracked 
| 127|0x0000000718f00000, 0x0000000718f00000, 0x0000000719000000|  0%| F|  |TAMS 0x0000000718f00000, 0x0000000718f00000| Untracked 
| 128|0x0000000719000000, 0x0000000719000000, 0x0000000719100000|  0%| F|  |TAMS 0x0000000719000000, 0x0000000719000000| Untracked 
| 129|0x0000000719100000, 0x0000000719100000, 0x0000000719200000|  0%| F|  |TAMS 0x0000000719100000, 0x0000000719100000| Untracked 
| 130|0x0000000719200000, 0x0000000719200000, 0x0000000719300000|  0%| F|  |TAMS 0x0000000719200000, 0x0000000719200000| Untracked 
| 131|0x0000000719300000, 0x0000000719300000, 0x0000000719400000|  0%| F|  |TAMS 0x0000000719300000, 0x0000000719300000| Untracked 
| 132|0x0000000719400000, 0x0000000719400000, 0x0000000719500000|  0%| F|  |TAMS 0x0000000719400000, 0x0000000719400000| Untracked 
| 133|0x0000000719500000, 0x0000000719500000, 0x0000000719600000|  0%| F|  |TAMS 0x0000000719500000, 0x0000000719500000| Untracked 
| 134|0x0000000719600000, 0x0000000719600000, 0x0000000719700000|  0%| F|  |TAMS 0x0000000719600000, 0x0000000719600000| Untracked 
| 135|0x0000000719700000, 0x0000000719700000, 0x0000000719800000|  0%| F|  |TAMS 0x0000000719700000, 0x0000000719700000| Untracked 
| 136|0x0000000719800000, 0x0000000719800000, 0x0000000719900000|  0%| F|  |TAMS 0x0000000719800000, 0x0000000719800000| Untracked 
| 137|0x0000000719900000, 0x0000000719900000, 0x0000000719a00000|  0%| F|  |TAMS 0x0000000719900000, 0x0000000719900000| Untracked 
| 138|0x0000000719a00000, 0x0000000719a00000, 0x0000000719b00000|  0%| F|  |TAMS 0x0000000719a00000, 0x0000000719a00000| Untracked 
| 139|0x0000000719b00000, 0x0000000719b00000, 0x0000000719c00000|  0%| F|  |TAMS 0x0000000719b00000, 0x0000000719b00000| Untracked 
| 140|0x0000000719c00000, 0x0000000719c00000, 0x0000000719d00000|  0%| F|  |TAMS 0x0000000719c00000, 0x0000000719c00000| Untracked 
| 141|0x0000000719d00000, 0x0000000719d00000, 0x0000000719e00000|  0%| F|  |TAMS 0x0000000719d00000, 0x0000000719d00000| Untracked 
| 142|0x0000000719e00000, 0x0000000719e00000, 0x0000000719f00000|  0%| F|  |TAMS 0x0000000719e00000, 0x0000000719e00000| Untracked 
| 143|0x0000000719f00000, 0x0000000719f00000, 0x000000071a000000|  0%| F|  |TAMS 0x0000000719f00000, 0x0000000719f00000| Untracked 
| 144|0x000000071a000000, 0x000000071a000000, 0x000000071a100000|  0%| F|  |TAMS 0x000000071a000000, 0x000000071a000000| Untracked 
| 145|0x000000071a100000, 0x000000071a100000, 0x000000071a200000|  0%| F|  |TAMS 0x000000071a100000, 0x000000071a100000| Untracked 
| 146|0x000000071a200000, 0x000000071a200000, 0x000000071a300000|  0%| F|  |TAMS 0x000000071a200000, 0x000000071a200000| Untracked 
| 147|0x000000071a300000, 0x000000071a300000, 0x000000071a400000|  0%| F|  |TAMS 0x000000071a300000, 0x000000071a300000| Untracked 
| 148|0x000000071a400000, 0x000000071a400000, 0x000000071a500000|  0%| F|  |TAMS 0x000000071a400000, 0x000000071a400000| Untracked 
| 149|0x000000071a500000, 0x000000071a500000, 0x000000071a600000|  0%| F|  |TAMS 0x000000071a500000, 0x000000071a500000| Untracked 
| 150|0x000000071a600000, 0x000000071a600000, 0x000000071a700000|  0%| F|  |TAMS 0x000000071a600000, 0x000000071a600000| Untracked 
| 151|0x000000071a700000, 0x000000071a700000, 0x000000071a800000|  0%| F|  |TAMS 0x000000071a700000, 0x000000071a700000| Untracked 
| 152|0x000000071a800000, 0x000000071a800000, 0x000000071a900000|  0%| F|  |TAMS 0x000000071a800000, 0x000000071a800000| Untracked 
| 153|0x000000071a900000, 0x000000071a900000, 0x000000071aa00000|  0%| F|  |TAMS 0x000000071a900000, 0x000000071a900000| Untracked 
| 154|0x000000071aa00000, 0x000000071aa00000, 0x000000071ab00000|  0%| F|  |TAMS 0x000000071aa00000, 0x000000071aa00000| Untracked 
| 155|0x000000071ab00000, 0x000000071ab00000, 0x000000071ac00000|  0%| F|  |TAMS 0x000000071ab00000, 0x000000071ab00000| Untracked 
| 156|0x000000071ac00000, 0x000000071ac00000, 0x000000071ad00000|  0%| F|  |TAMS 0x000000071ac00000, 0x000000071ac00000| Untracked 
| 157|0x000000071ad00000, 0x000000071ad00000, 0x000000071ae00000|  0%| F|  |TAMS 0x000000071ad00000, 0x000000071ad00000| Untracked 
| 158|0x000000071ae00000, 0x000000071ae00000, 0x000000071af00000|  0%| F|  |TAMS 0x000000071ae00000, 0x000000071ae00000| Untracked 
| 159|0x000000071af00000, 0x000000071af00000, 0x000000071b000000|  0%| F|  |TAMS 0x000000071af00000, 0x000000071af00000| Untracked 
| 160|0x000000071b000000, 0x000000071b000000, 0x000000071b100000|  0%| F|  |TAMS 0x000000071b000000, 0x000000071b000000| Untracked 
| 161|0x000000071b100000, 0x000000071b100000, 0x000000071b200000|  0%| F|  |TAMS 0x000000071b100000, 0x000000071b100000| Untracked 
| 162|0x000000071b200000, 0x000000071b200000, 0x000000071b300000|  0%| F|  |TAMS 0x000000071b200000, 0x000000071b200000| Untracked 
| 163|0x000000071b300000, 0x000000071b300000, 0x000000071b400000|  0%| F|  |TAMS 0x000000071b300000, 0x000000071b300000| Untracked 
| 164|0x000000071b400000, 0x000000071b400000, 0x000000071b500000|  0%| F|  |TAMS 0x000000071b400000, 0x000000071b400000| Untracked 
| 165|0x000000071b500000, 0x000000071b500000, 0x000000071b600000|  0%| F|  |TAMS 0x000000071b500000, 0x000000071b500000| Untracked 
| 166|0x000000071b600000, 0x000000071b600000, 0x000000071b700000|  0%| F|  |TAMS 0x000000071b600000, 0x000000071b600000| Untracked 
| 167|0x000000071b700000, 0x000000071b700000, 0x000000071b800000|  0%| F|  |TAMS 0x000000071b700000, 0x000000071b700000| Untracked 
| 168|0x000000071b800000, 0x000000071b800000, 0x000000071b900000|  0%| F|  |TAMS 0x000000071b800000, 0x000000071b800000| Untracked 
| 169|0x000000071b900000, 0x000000071b900000, 0x000000071ba00000|  0%| F|  |TAMS 0x000000071b900000, 0x000000071b900000| Untracked 
| 170|0x000000071ba00000, 0x000000071ba00000, 0x000000071bb00000|  0%| F|  |TAMS 0x000000071ba00000, 0x000000071ba00000| Untracked 
| 171|0x000000071bb00000, 0x000000071bb00000, 0x000000071bc00000|  0%| F|  |TAMS 0x000000071bb00000, 0x000000071bb00000| Untracked 
| 172|0x000000071bc00000, 0x000000071bc00000, 0x000000071bd00000|  0%| F|  |TAMS 0x000000071bc00000, 0x000000071bc00000| Untracked 
| 173|0x000000071bd00000, 0x000000071bd00000, 0x000000071be00000|  0%| F|  |TAMS 0x000000071bd00000, 0x000000071bd00000| Untracked 
| 174|0x000000071be00000, 0x000000071be00000, 0x000000071bf00000|  0%| F|  |TAMS 0x000000071be00000, 0x000000071be00000| Untracked 
| 175|0x000000071bf00000, 0x000000071bf00000, 0x000000071c000000|  0%| F|  |TAMS 0x000000071bf00000, 0x000000071bf00000| Untracked 
| 176|0x000000071c000000, 0x000000071c000000, 0x000000071c100000|  0%| F|  |TAMS 0x000000071c000000, 0x000000071c000000| Untracked 
| 177|0x000000071c100000, 0x000000071c100000, 0x000000071c200000|  0%| F|  |TAMS 0x000000071c100000, 0x000000071c100000| Untracked 
| 178|0x000000071c200000, 0x000000071c200000, 0x000000071c300000|  0%| F|  |TAMS 0x000000071c200000, 0x000000071c200000| Untracked 
| 179|0x000000071c300000, 0x000000071c300000, 0x000000071c400000|  0%| F|  |TAMS 0x000000071c300000, 0x000000071c300000| Untracked 
| 180|0x000000071c400000, 0x000000071c400000, 0x000000071c500000|  0%| F|  |TAMS 0x000000071c400000, 0x000000071c400000| Untracked 
| 181|0x000000071c500000, 0x000000071c500000, 0x000000071c600000|  0%| F|  |TAMS 0x000000071c500000, 0x000000071c500000| Untracked 
| 182|0x000000071c600000, 0x000000071c600000, 0x000000071c700000|  0%| F|  |TAMS 0x000000071c600000, 0x000000071c600000| Untracked 
| 183|0x000000071c700000, 0x000000071c700000, 0x000000071c800000|  0%| F|  |TAMS 0x000000071c700000, 0x000000071c700000| Untracked 
| 184|0x000000071c800000, 0x000000071c800000, 0x000000071c900000|  0%| F|  |TAMS 0x000000071c800000, 0x000000071c800000| Untracked 
| 185|0x000000071c900000, 0x000000071c900000, 0x000000071ca00000|  0%| F|  |TAMS 0x000000071c900000, 0x000000071c900000| Untracked 
| 186|0x000000071ca00000, 0x000000071ca00000, 0x000000071cb00000|  0%| F|  |TAMS 0x000000071ca00000, 0x000000071ca00000| Untracked 
| 187|0x000000071cb00000, 0x000000071cb00000, 0x000000071cc00000|  0%| F|  |TAMS 0x000000071cb00000, 0x000000071cb00000| Untracked 
| 188|0x000000071cc00000, 0x000000071cc00000, 0x000000071cd00000|  0%| F|  |TAMS 0x000000071cc00000, 0x000000071cc00000| Untracked 
| 189|0x000000071cd00000, 0x000000071cd00000, 0x000000071ce00000|  0%| F|  |TAMS 0x000000071cd00000, 0x000000071cd00000| Untracked 
| 190|0x000000071ce00000, 0x000000071ce00000, 0x000000071cf00000|  0%| F|  |TAMS 0x000000071ce00000, 0x000000071ce00000| Untracked 
| 191|0x000000071cf00000, 0x000000071cf00000, 0x000000071d000000|  0%| F|  |TAMS 0x000000071cf00000, 0x000000071cf00000| Untracked 
| 192|0x000000071d000000, 0x000000071d000000, 0x000000071d100000|  0%| F|  |TAMS 0x000000071d000000, 0x000000071d000000| Untracked 
| 193|0x000000071d100000, 0x000000071d100000, 0x000000071d200000|  0%| F|  |TAMS 0x000000071d100000, 0x000000071d100000| Untracked 
| 194|0x000000071d200000, 0x000000071d200000, 0x000000071d300000|  0%| F|  |TAMS 0x000000071d200000, 0x000000071d200000| Untracked 
| 195|0x000000071d300000, 0x000000071d300000, 0x000000071d400000|  0%| F|  |TAMS 0x000000071d300000, 0x000000071d300000| Untracked 
| 196|0x000000071d400000, 0x000000071d400000, 0x000000071d500000|  0%| F|  |TAMS 0x000000071d400000, 0x000000071d400000| Untracked 
| 197|0x000000071d500000, 0x000000071d500000, 0x000000071d600000|  0%| F|  |TAMS 0x000000071d500000, 0x000000071d500000| Untracked 
| 198|0x000000071d600000, 0x000000071d600000, 0x000000071d700000|  0%| F|  |TAMS 0x000000071d600000, 0x000000071d600000| Untracked 
| 199|0x000000071d700000, 0x000000071d700000, 0x000000071d800000|  0%| F|  |TAMS 0x000000071d700000, 0x000000071d700000| Untracked 
| 200|0x000000071d800000, 0x000000071d800000, 0x000000071d900000|  0%| F|  |TAMS 0x000000071d800000, 0x000000071d800000| Untracked 
| 201|0x000000071d900000, 0x000000071d900000, 0x000000071da00000|  0%| F|  |TAMS 0x000000071d900000, 0x000000071d900000| Untracked 
| 202|0x000000071da00000, 0x000000071da00000, 0x000000071db00000|  0%| F|  |TAMS 0x000000071da00000, 0x000000071da00000| Untracked 
| 203|0x000000071db00000, 0x000000071db00000, 0x000000071dc00000|  0%| F|  |TAMS 0x000000071db00000, 0x000000071db00000| Untracked 
| 204|0x000000071dc00000, 0x000000071dc00000, 0x000000071dd00000|  0%| F|  |TAMS 0x000000071dc00000, 0x000000071dc00000| Untracked 
| 205|0x000000071dd00000, 0x000000071dd00000, 0x000000071de00000|  0%| F|  |TAMS 0x000000071dd00000, 0x000000071dd00000| Untracked 
| 206|0x000000071de00000, 0x000000071de00000, 0x000000071df00000|  0%| F|  |TAMS 0x000000071de00000, 0x000000071de00000| Untracked 
| 207|0x000000071df00000, 0x000000071df00000, 0x000000071e000000|  0%| F|  |TAMS 0x000000071df00000, 0x000000071df00000| Untracked 
| 208|0x000000071e000000, 0x000000071e000000, 0x000000071e100000|  0%| F|  |TAMS 0x000000071e000000, 0x000000071e000000| Untracked 
| 209|0x000000071e100000, 0x000000071e100000, 0x000000071e200000|  0%| F|  |TAMS 0x000000071e100000, 0x000000071e100000| Untracked 
| 210|0x000000071e200000, 0x000000071e200000, 0x000000071e300000|  0%| F|  |TAMS 0x000000071e200000, 0x000000071e200000| Untracked 
| 211|0x000000071e300000, 0x000000071e300000, 0x000000071e400000|  0%| F|  |TAMS 0x000000071e300000, 0x000000071e300000| Untracked 
| 212|0x000000071e400000, 0x000000071e400000, 0x000000071e500000|  0%| F|  |TAMS 0x000000071e400000, 0x000000071e400000| Untracked 
| 213|0x000000071e500000, 0x000000071e500000, 0x000000071e600000|  0%| F|  |TAMS 0x000000071e500000, 0x000000071e500000| Untracked 
| 214|0x000000071e600000, 0x000000071e600000, 0x000000071e700000|  0%| F|  |TAMS 0x000000071e600000, 0x000000071e600000| Untracked 
| 215|0x000000071e700000, 0x000000071e700000, 0x000000071e800000|  0%| F|  |TAMS 0x000000071e700000, 0x000000071e700000| Untracked 
| 216|0x000000071e800000, 0x000000071e800000, 0x000000071e900000|  0%| F|  |TAMS 0x000000071e800000, 0x000000071e800000| Untracked 
| 217|0x000000071e900000, 0x000000071e900000, 0x000000071ea00000|  0%| F|  |TAMS 0x000000071e900000, 0x000000071e900000| Untracked 
| 218|0x000000071ea00000, 0x000000071ea00000, 0x000000071eb00000|  0%| F|  |TAMS 0x000000071ea00000, 0x000000071ea00000| Untracked 
| 219|0x000000071eb00000, 0x000000071eb00000, 0x000000071ec00000|  0%| F|  |TAMS 0x000000071eb00000, 0x000000071eb00000| Untracked 
| 220|0x000000071ec00000, 0x000000071ec00000, 0x000000071ed00000|  0%| F|  |TAMS 0x000000071ec00000, 0x000000071ec00000| Untracked 
| 221|0x000000071ed00000, 0x000000071ed00000, 0x000000071ee00000|  0%| F|  |TAMS 0x000000071ed00000, 0x000000071ed00000| Untracked 
| 222|0x000000071ee00000, 0x000000071ee00000, 0x000000071ef00000|  0%| F|  |TAMS 0x000000071ee00000, 0x000000071ee00000| Untracked 
| 223|0x000000071ef00000, 0x000000071ef00000, 0x000000071f000000|  0%| F|  |TAMS 0x000000071ef00000, 0x000000071ef00000| Untracked 
| 224|0x000000071f000000, 0x000000071f000000, 0x000000071f100000|  0%| F|  |TAMS 0x000000071f000000, 0x000000071f000000| Untracked 
| 225|0x000000071f100000, 0x000000071f100000, 0x000000071f200000|  0%| F|  |TAMS 0x000000071f100000, 0x000000071f100000| Untracked 
| 226|0x000000071f200000, 0x000000071f200000, 0x000000071f300000|  0%| F|  |TAMS 0x000000071f200000, 0x000000071f200000| Untracked 
| 227|0x000000071f300000, 0x000000071f300000, 0x000000071f400000|  0%| F|  |TAMS 0x000000071f300000, 0x000000071f300000| Untracked 
| 228|0x000000071f400000, 0x000000071f400000, 0x000000071f500000|  0%| F|  |TAMS 0x000000071f400000, 0x000000071f400000| Untracked 
| 229|0x000000071f500000, 0x000000071f500000, 0x000000071f600000|  0%| F|  |TAMS 0x000000071f500000, 0x000000071f500000| Untracked 
| 230|0x000000071f600000, 0x000000071f600000, 0x000000071f700000|  0%| F|  |TAMS 0x000000071f600000, 0x000000071f600000| Untracked 
| 231|0x000000071f700000, 0x000000071f700000, 0x000000071f800000|  0%| F|  |TAMS 0x000000071f700000, 0x000000071f700000| Untracked 
| 232|0x000000071f800000, 0x000000071f800000, 0x000000071f900000|  0%| F|  |TAMS 0x000000071f800000, 0x000000071f800000| Untracked 
| 233|0x000000071f900000, 0x000000071f97b820, 0x000000071fa00000| 48%| E|  |TAMS 0x000000071f900000, 0x000000071f900000| Complete 
| 234|0x000000071fa00000, 0x000000071fb00000, 0x000000071fb00000|100%| E|CS|TAMS 0x000000071fa00000, 0x000000071fa00000| Complete 
| 235|0x000000071fb00000, 0x000000071fc00000, 0x000000071fc00000|100%| E|CS|TAMS 0x000000071fb00000, 0x000000071fb00000| Complete 
| 236|0x000000071fc00000, 0x000000071fd00000, 0x000000071fd00000|100%| E|CS|TAMS 0x000000071fc00000, 0x000000071fc00000| Complete 
| 237|0x000000071fd00000, 0x000000071fe00000, 0x000000071fe00000|100%| E|CS|TAMS 0x000000071fd00000, 0x000000071fd00000| Complete 
| 238|0x000000071fe00000, 0x000000071ff00000, 0x000000071ff00000|100%| E|CS|TAMS 0x000000071fe00000, 0x000000071fe00000| Complete 
| 239|0x000000071ff00000, 0x0000000720000000, 0x0000000720000000|100%| E|CS|TAMS 0x000000071ff00000, 0x000000071ff00000| Complete 

Card table byte_map: [0x0000018099af0000,0x000001809a270000] _byte_map_base: 0x0000018096268000

Marking Bits (Prev, Next): (CMBitMap*) 0x0000018081caba08, (CMBitMap*) 0x0000018081caba40
 Prev Bits: [0x000001809a9f0000, 0x000001809e5b0000)
 Next Bits: [0x000001809e5b0000, 0x00000180a2170000)

Polling page: 0x0000018081410000

Metaspace:

Usage:
  Non-class:      8.43 MB capacity,     8.29 MB ( 98%) used,   135.48 KB (  2%) free+waste,    10.00 KB ( <1%) overhead. 
      Class:    899.00 KB capacity,   856.88 KB ( 95%) used,    37.55 KB (  4%) free+waste,     4.56 KB ( <1%) overhead. 
       Both:      9.31 MB capacity,     9.12 MB ( 98%) used,   173.03 KB (  2%) free+waste,    14.56 KB ( <1%) overhead. 

Virtual space:
  Non-class space:       10.00 MB reserved,       8.50 MB ( 85%) committed 
      Class space:        1.00 GB reserved,       1.00 MB ( <1%) committed 
             Both:        1.01 GB reserved,       9.50 MB ( <1%) committed 

Chunk freelists:
   Non-Class:  1.00 KB
       Class:  0 bytes
        Both:  1.00 KB

CodeHeap 'non-profiled nmethods': size=120000Kb used=156Kb max_used=156Kb free=119843Kb
 bounds [0x0000018091b10000, 0x0000018091d80000, 0x0000018099040000]
CodeHeap 'profiled nmethods': size=120000Kb used=831Kb max_used=831Kb free=119168Kb
 bounds [0x000001808a5e0000, 0x000001808a850000, 0x0000018091b10000]
CodeHeap 'non-nmethods': size=5760Kb used=1108Kb max_used=1120Kb free=4651Kb
 bounds [0x000001808a040000, 0x000001808a2b0000, 0x000001808a5e0000]
 total_blobs=959 nmethods=544 adapters=327
 compilation: enabled
              stopped_count=0, restarted_count=0
 full_count=0

Compilation events (10 events):
Event: 3.404 Thread 0x00000180a5616800 nmethod 539 0x0000018091b36f90 code [0x0000018091b37120, 0x0000018091b371b8]
Event: 3.406 Thread 0x00000180a561a000 nmethod 540 0x000001808a6aa710 code [0x000001808a6aaa40, 0x000001808a6abb60]
Event: 3.407 Thread 0x00000180a561a000  541       3       sun.net.util.IPAddressUtil::checkHostString (53 bytes)
Event: 3.408 Thread 0x00000180a561a000 nmethod 541 0x000001808a6ac110 code [0x000001808a6ac3e0, 0x000001808a6ad190]
Event: 3.408 Thread 0x00000180a561a000  542       3       sun.net.util.IPAddressUtil::scan (92 bytes)
Event: 3.409 Thread 0x00000180a561a000 nmethod 542 0x000001808a6ad690 code [0x000001808a6ad900, 0x000001808a6ae460]
Event: 3.409 Thread 0x00000180a561a000  543       3       java.lang.String::toLowerCase (8 bytes)
Event: 3.409 Thread 0x00000180a561a000 nmethod 543 0x000001808a6aea10 code [0x000001808a6aec00, 0x000001808a6aefe0]
Event: 3.409 Thread 0x00000180a561a000  544       3       java.util.ArrayList::get (15 bytes)
Event: 3.409 Thread 0x00000180a561a000 nmethod 544 0x000001808a6af110 code [0x000001808a6af320, 0x000001808a6afb70]

GC Heap History (0 events):
No events

Deoptimization events (8 events):
Event: 0.658 Thread 0x0000018081c4e000 Uncommon trap: reason=unstable_if action=reinterpret pc=0x0000018091b1d394 method=java.lang.String.isLatin1()Z @ 10 c2
Event: 0.780 Thread 0x0000018081c4e000 Uncommon trap: reason=unstable_if action=reinterpret pc=0x0000018091b1c5f8 method=java.util.HashMap.putVal(ILjava/lang/Object;Ljava/lang/Object;ZZ)Ljava/lang/Object; @ 181 c2
Event: 1.493 Thread 0x0000018081c4e000 Uncommon trap: reason=unstable_if action=reinterpret pc=0x0000018091b2de50 method=java.util.zip.Inflater.inflate([BII)I @ 327 c2
Event: 1.494 Thread 0x0000018081c4e000 Uncommon trap: reason=unstable_if action=reinterpret pc=0x0000018091b2f380 method=java.util.zip.InflaterInputStream.read([BII)I @ 69 c2
Event: 3.361 Thread 0x0000018081c4e000 Uncommon trap: reason=bimorphic_or_optimized_type_check action=maybe_recompile pc=0x0000018091b18594 method=java.util.AbstractCollection.isEmpty()Z @ 1 c2
Event: 3.361 Thread 0x0000018081c4e000 Uncommon trap: reason=bimorphic_or_optimized_type_check action=maybe_recompile pc=0x0000018091b18594 method=java.util.AbstractCollection.isEmpty()Z @ 1 c2
Event: 3.363 Thread 0x0000018081c4e000 Uncommon trap: reason=bimorphic_or_optimized_type_check action=maybe_recompile pc=0x0000018091b18594 method=java.util.AbstractCollection.isEmpty()Z @ 1 c2
Event: 3.364 Thread 0x0000018081c4e000 Uncommon trap: reason=bimorphic_or_optimized_type_check action=maybe_recompile pc=0x0000018091b18594 method=java.util.AbstractCollection.isEmpty()Z @ 1 c2

Classes redefined (0 events):
No events

Internal exceptions (10 events):
Event: 0.615 Thread 0x0000018081c4e000 Exception <a 'java/security/PrivilegedActionException'{0x000000071fee7f60}> (0x000000071fee7f60) thrown at [./open/src/hotspot/share/prims/jvm.cpp, line 1296]
Event: 0.615 Thread 0x0000018081c4e000 Exception <a 'java/security/PrivilegedActionException'{0x000000071fee8230}> (0x000000071fee8230) thrown at [./open/src/hotspot/share/prims/jvm.cpp, line 1296]
Event: 0.615 Thread 0x0000018081c4e000 Exception <a 'java/security/PrivilegedActionException'{0x000000071fee8d18}> (0x000000071fee8d18) thrown at [./open/src/hotspot/share/prims/jvm.cpp, line 1296]
Event: 0.615 Thread 0x0000018081c4e000 Exception <a 'java/security/PrivilegedActionException'{0x000000071fee8fe8}> (0x000000071fee8fe8) thrown at [./open/src/hotspot/share/prims/jvm.cpp, line 1296]
Event: 0.615 Thread 0x0000018081c4e000 Exception <a 'java/security/PrivilegedActionException'{0x000000071fee9a90}> (0x000000071fee9a90) thrown at [./open/src/hotspot/share/prims/jvm.cpp, line 1296]
Event: 0.615 Thread 0x0000018081c4e000 Exception <a 'java/security/PrivilegedActionException'{0x000000071fee9d60}> (0x000000071fee9d60) thrown at [./open/src/hotspot/share/prims/jvm.cpp, line 1296]
Event: 0.616 Thread 0x0000018081c4e000 Exception <a 'java/security/PrivilegedActionException'{0x000000071feea7f0}> (0x000000071feea7f0) thrown at [./open/src/hotspot/share/prims/jvm.cpp, line 1296]
Event: 0.616 Thread 0x0000018081c4e000 Exception <a 'java/security/PrivilegedActionException'{0x000000071feeaac0}> (0x000000071feeaac0) thrown at [./open/src/hotspot/share/prims/jvm.cpp, line 1296]
Event: 0.785 Thread 0x0000018081c4e000 Exception <a 'java/lang/NoSuchMethodError'{0x000000071fbd4d70}: java.lang.invoke.DirectMethodHandle$Holder.invokeStaticInit(Ljava/lang/Object;IIII)Ljava/lang/Object;> (0x000000071fbd4d70) thrown at [./open/src/hotspot/share/interpreter/linkResolver.cpp, l
Event: 1.230 Thread 0x0000018081c4e000 Exception <a 'java/lang/NoSuchMethodError'{0x000000071fa1b328}: java.lang.invoke.DirectMethodHandle$Holder.invokeStaticInit(Ljava/lang/Object;Ljava/lang/Object;IIII)Ljava/lang/Object;> (0x000000071fa1b328) thrown at [./open/src/hotspot/share/interpreter/l

Events (10 events):
Event: 3.449 loading class java/time/temporal/ChronoUnit
Event: 3.449 loading class java/time/temporal/TemporalUnit
Event: 3.449 loading class java/time/temporal/TemporalUnit done
Event: 3.449 loading class java/time/temporal/ChronoUnit done
Event: 3.449 loading class java/time/Duration
Event: 3.449 loading class java/time/temporal/TemporalAmount
Event: 3.450 loading class java/time/temporal/TemporalAmount done
Event: 3.450 loading class java/time/Duration done
Event: 3.450 loading class java/math/BigInteger
Event: 3.451 loading class java/math/BigInteger done


Dynamic libraries:
0x00007ff76f930000 - 0x00007ff76f93f000 	C:\jdk-11.0.8\bin\java.exe
0x00007ffff7f70000 - 0x00007ffff815d000 	C:\Windows\SYSTEM32\ntdll.dll
0x00007ffff5550000 - 0x00007ffff5603000 	C:\Windows\System32\KERNEL32.DLL
0x00007ffff4bc0000 - 0x00007ffff4e53000 	C:\Windows\System32\KERNELBASE.dll
0x0000000066680000 - 0x0000000066713000 	C:\Windows\System32\SYSFER.DLL
0x00007ffff4350000 - 0x00007ffff444a000 	C:\Windows\System32\ucrtbase.dll
0x00007fffdf180000 - 0x00007fffdf198000 	C:\jdk-11.0.8\bin\jli.dll
0x00007ffff5610000 - 0x00007ffff56b3000 	C:\Windows\System32\ADVAPI32.dll
0x00007ffff7890000 - 0x00007ffff792e000 	C:\Windows\System32\msvcrt.dll
0x00007ffff5320000 - 0x00007ffff53be000 	C:\Windows\System32\sechost.dll
0x00007ffff7a90000 - 0x00007ffff7bb2000 	C:\Windows\System32\RPCRT4.dll
0x00007fffe1780000 - 0x00007fffe1795000 	C:\jdk-11.0.8\bin\VCRUNTIME140.dll
0x00007ffff7d20000 - 0x00007ffff7eb7000 	C:\Windows\System32\USER32.dll
0x00007ffff4ba0000 - 0x00007ffff4bc0000 	C:\Windows\System32\win32u.dll
0x00007ffff7bc0000 - 0x00007ffff7be9000 	C:\Windows\System32\GDI32.dll
0x00007fffe1f50000 - 0x00007fffe21c9000 	C:\Windows\WinSxS\amd64_microsoft.windows.common-controls_6595b64144ccf1df_6.0.17763.503_none_05b23ef40721f4ae\COMCTL32.dll
0x00007ffff4e60000 - 0x00007ffff4ffa000 	C:\Windows\System32\gdi32full.dll
0x00007ffff5ed0000 - 0x00007ffff61fc000 	C:\Windows\System32\combase.dll
0x00007ffff5100000 - 0x00007ffff51a0000 	C:\Windows\System32\msvcp_win.dll
0x00007ffff5080000 - 0x00007ffff50fe000 	C:\Windows\System32\bcryptPrimitives.dll
0x00007fffebf60000 - 0x00007fffebf6a000 	C:\Windows\SYSTEM32\VERSION.dll
0x00007ffff5310000 - 0x00007ffff5318000 	C:\Windows\System32\psapi.dll
0x00007ffff5c60000 - 0x00007ffff5c8e000 	C:\Windows\System32\IMM32.DLL
0x00007fffbc7d0000 - 0x00007fffbc86b000 	C:\jdk-11.0.8\bin\msvcp140.dll
0x00007fffb6620000 - 0x00007fffb7106000 	C:\jdk-11.0.8\bin\server\jvm.dll
0x00007fffdeec0000 - 0x00007fffdeec9000 	C:\Windows\SYSTEM32\WSOCK32.dll
0x00007ffff6200000 - 0x00007ffff626d000 	C:\Windows\System32\WS2_32.dll
0x00007fffef410000 - 0x00007fffef434000 	C:\Windows\SYSTEM32\WINMM.dll
0x00007fffef3e0000 - 0x00007fffef40d000 	C:\Windows\SYSTEM32\WINMMBASE.dll
0x00007ffff5000000 - 0x00007ffff504a000 	C:\Windows\System32\cfgmgr32.dll
0x00007ffff3f90000 - 0x00007ffff3fa1000 	C:\Windows\System32\kernel.appcore.dll
0x00007fffdd770000 - 0x00007fffdd780000 	C:\jdk-11.0.8\bin\verify.dll
0x00007ffff2540000 - 0x00007ffff272d000 	C:\Windows\SYSTEM32\DBGHELP.DLL
0x00007fffdf3a0000 - 0x00007fffdf3ca000 	C:\Windows\SYSTEM32\dbgcore.DLL
0x00007fffcf160000 - 0x00007fffcf188000 	C:\jdk-11.0.8\bin\java.dll
0x00007fffdd760000 - 0x00007fffdd76a000 	C:\jdk-11.0.8\bin\jimage.dll
0x00007fffe4040000 - 0x00007fffe404e000 	C:\jdk-11.0.8\bin\instrument.dll
0x00007fffcf140000 - 0x00007fffcf156000 	C:\jdk-11.0.8\bin\zip.dll
0x00007ffff63a0000 - 0x00007ffff7890000 	C:\Windows\System32\SHELL32.dll
0x00007ffff54a0000 - 0x00007ffff5548000 	C:\Windows\System32\shcore.dll
0x00007ffff4450000 - 0x00007ffff4b9a000 	C:\Windows\System32\windows.storage.dll
0x00007ffff3fb0000 - 0x00007ffff3fd4000 	C:\Windows\System32\profapi.dll
0x00007ffff3fe0000 - 0x00007ffff403d000 	C:\Windows\System32\powrprof.dll
0x00007ffff5c00000 - 0x00007ffff5c52000 	C:\Windows\System32\shlwapi.dll
0x00007ffff4330000 - 0x00007ffff4347000 	C:\Windows\System32\cryptsp.dll
0x00007fffbc7b0000 - 0x00007fffbc7c9000 	C:\jdk-11.0.8\bin\net.dll
0x00007fffed540000 - 0x00007fffed631000 	C:\Windows\SYSTEM32\WINHTTP.dll
0x00007ffff3790000 - 0x00007ffff37f7000 	C:\Windows\system32\mswsock.dll
0x00007fffbc790000 - 0x00007fffbc7a2000 	C:\jdk-11.0.8\bin\nio.dll
0x00007fffcd110000 - 0x00007fffcd12a000 	C:\ideaIC-2019.3.5.win\bin\breakgen64.dll
0x00007ffff30f0000 - 0x00007ffff3123000 	C:\Windows\system32\rsaenh.dll
0x00007ffff5050000 - 0x00007ffff5076000 	C:\Windows\System32\bcrypt.dll
0x00007ffff3ea0000 - 0x00007ffff3ec8000 	C:\Windows\SYSTEM32\USERENV.dll
0x00007ffff3960000 - 0x00007ffff396c000 	C:\Windows\SYSTEM32\CRYPTBASE.dll
0x00007ffff34f0000 - 0x00007ffff352d000 	C:\Windows\SYSTEM32\IPHLPAPI.DLL
0x00007ffff5490000 - 0x00007ffff5498000 	C:\Windows\System32\NSI.dll
0x00007ffff1b50000 - 0x00007ffff1b66000 	C:\Windows\SYSTEM32\dhcpcsvc6.DLL
0x00007ffff1b30000 - 0x00007ffff1b4c000 	C:\Windows\SYSTEM32\dhcpcsvc.DLL
0x00007ffff3540000 - 0x00007ffff3606000 	C:\Windows\SYSTEM32\DNSAPI.dll
0x000000006e740000 - 0x000000006fda5000 	C:\Users\Rohit.Dharap\AppData\Local\Temp\xuggle\xuggle7057372274243598971.dll
0x00007ffff7930000 - 0x00007ffff7a85000 	C:\Windows\System32\ole32.dll
0x00007fffc8d60000 - 0x00007fffc8d78000 	C:\Windows\SYSTEM32\AVICAP32.dll
0x00007fffbd650000 - 0x00007fffbd679000 	C:\Windows\SYSTEM32\MSVFW32.dll

dbghelp: loaded successfully - version: 4.0.5 - missing functions: none
symbol engine: initialized successfully - sym options: 0x614 - pdb path: .;C:\jdk-11.0.8\bin;C:\Windows\SYSTEM32;C:\Windows\WinSxS\amd64_microsoft.windows.common-controls_6595b64144ccf1df_6.0.17763.503_none_05b23ef40721f4ae;C:\jdk-11.0.8\bin\server;C:\ideaIC-2019.3.5.win\bin;C:\Users\Rohit.Dharap\AppData\Local\Temp\xuggle

VM Arguments:
jvm_args: -javaagent:C:\ideaIC-2019.3.5.win\lib\idea_rt.jar=56676:C:\ideaIC-2019.3.5.win\bin -Dfile.encoding=UTF-8 
java_command: TestVideo
java_class_path (initial): C:\Users\Rohit.Dharap\eclipse-workspace\Temp\out\production\Temp;C:\Users\Rohit.Dharap\Downloads\xuggle-xuggler-5.4.jar;C:\Users\Rohit.Dharap\Downloads\test\slf4j-api-2.0.0-alpha1.jar
Launcher Type: SUN_STANDARD

[Global flags]
     intx CICompilerCount                          = 4                                         {product} {ergonomic}
     uint ConcGCThreads                            = 2                                         {product} {ergonomic}
     uint G1ConcRefinementThreads                  = 8                                         {product} {ergonomic}
   size_t G1HeapRegionSize                         = 1048576                                   {product} {ergonomic}
    uintx GCDrainStackTargetSize                   = 64                                        {product} {ergonomic}
   size_t InitialHeapSize                          = 251658240                                 {product} {ergonomic}
   size_t MarkStackSize                            = 4194304                                   {product} {ergonomic}
   size_t MaxHeapSize                              = 4009754624                                {product} {ergonomic}
   size_t MaxNewSize                               = 2405433344                                {product} {ergonomic}
   size_t MinHeapDeltaBytes                        = 1048576                                   {product} {ergonomic}
    uintx NonNMethodCodeHeapSize                   = 5836300                                {pd product} {ergonomic}
    uintx NonProfiledCodeHeapSize                  = 122910970                              {pd product} {ergonomic}
    uintx ProfiledCodeHeapSize                     = 122910970                              {pd product} {ergonomic}
    uintx ReservedCodeCacheSize                    = 251658240                              {pd product} {ergonomic}
     bool SegmentedCodeCache                       = true                                      {product} {ergonomic}
     bool UseCompressedClassPointers               = true                                 {lp64_product} {ergonomic}
     bool UseCompressedOops                        = true                                 {lp64_product} {ergonomic}
     bool UseG1GC                                  = true                                      {product} {ergonomic}
     bool UseLargePagesIndividualAllocation        = false                                  {pd product} {ergonomic}

Logging:
Log output configuration:
 #0: stdout all=warning uptime,level,tags
 #1: stderr all=off uptime,level,tags

Environment Variables:
JAVA_HOME=C:\Program Files\Java\jdk-14
CLASSPATH=C:\Program Files\Documentum\dctm.jar;C:\Documentum\config;C:\Program Files (x86)\Documentum\DocLink\aspectjrt.jar;C:\Program Files (x86)\Documentum\DocLink\certjFIPS.jar;C:\Program Files (x86)\Documentum\DocLink\commons-lang-2.4.jar;C:\Program Files (x86)\Documentum\DocLink\jsafeFIPS.jar;C:\Program Files (x86)\Documentum\DocLink\log4j.jar;C:\Program Files (x86)\Documentum\DocLink\dfc.jar;C:\Program Files (x86)\Documentum\DocLink\dfc.properties;C:\Program Files (x86)\Documentum\DocLink
PATH=C:\Program Files\Documentum\Shared;C:\Program Files\avs\bin;C:\Program Files\avs\bin32;C:\ProgramData\Oracle\Java\javapath;C:\Windows\system32;C:\Windows;C:\Windows\System32\Wbem;C:\Windows\System32\WindowsPowerShell\v1.0\;C:\Windows\System32\OpenSSH\;C:\Program Files (x86)\Enterprise Vault\EVClient\x64\;C:\Windows\CCM;C:\Windows\CCM;C:\Windows\CCM;C:\Windows\CCM;C:\Windows\CCM;C:\Users\Rohit.Dharap\AppData\Local\Microsoft\WindowsApps;C:\apache-maven-3.6.3-bin\apache-maven-3.6.3\bin;C:\Users\Rohit.Dharap\AppData\Local\Programs\Git\cmd;C:\Users\Rohit.Dharap\AppData\Local\Mozilla Firefox\firefox.exe;
USERNAME=Rohit.Dharap
OS=Windows_NT
PROCESSOR_IDENTIFIER=AMD64 Family 23 Model 17 Stepping 0, AuthenticAMD



---------------  S Y S T E M  ---------------

OS: Windows 10 , 64 bit Build 17763 (10.0.17763.475)

CPU:total 8 (initial active 8) (8 cores per cpu, 2 threads per core) family 23 model 17 stepping 0, cmov, cx8, fxsr, mmx, sse, sse2, sse3, ssse3, sse4.1, sse4.2, popcnt, avx, avx2, aes, clmul, mmxext, 3dnowpref, lzcnt, sse4a, ht, tsc, tscinvbit, tscinv, bmi1, bmi2, adx, sha, fma

Memory: 4k page, system-wide physical 15293M (7679M free)
TotalPageFile size 17597M (AvailPageFile size 5794M)
current process WorkingSet (physical memory assigned to process): 59M, peak: 59M
current process commit charge ("private bytes"): 341M, peak: 341M

vm_info: Java HotSpot(TM) 64-Bit Server VM (11.0.8+10-LTS) for windows-amd64 JRE (11.0.8+10-LTS), built on Jun 16 2020 05:53:08 by "mach5one" with unknown MS VC++:1916

END.
