#
# A fatal error has been detected by the Java Runtime Environment:
#
#  EXCEPTION_ACCESS_VIOLATION (0xc0000005) at pc=0x000000006ee76520, pid=4144, tid=18732
#
# JRE version: Java(TM) SE Runtime Environment (14.0+36) (build 14+36-1461)
# Java VM: Java HotSpot(TM) 64-Bit Server VM (14+36-1461, mixed mode, sharing, tiered, compressed oops, g1 gc, windows-amd64)
# Problematic frame:
# C  [xuggle1376322990546309997.dll+0x736520]
#
# No core dump will be written. Minidumps are not enabled by default on client versions of Windows
#
# If you would like to submit a bug report, please visit:
#   https://bugreport.java.com/bugreport/crash.jsp
# The crash happened outside the Java Virtual Machine in native code.
# See problematic frame for where to report the bug.
#

---------------  S U M M A R Y ------------

Command Line: -javaagent:C:\ideaIC-2019.3.5.win\lib\idea_rt.jar=56867:C:\ideaIC-2019.3.5.win\bin -Dfile.encoding=UTF-8 TestVideo

Host: AMD Ryzen 7 PRO 2700U w/ Radeon Vega Mobile Gfx, 8 cores, 14G,  Windows 10 , 64 bit Build 17763 (10.0.17763.475)
Time: Tue Aug 25 18:52:08 2020 India Standard Time elapsed time: 5 seconds (0d 0h 0m 5s)

---------------  T H R E A D  ---------------

Current thread (0x00000237d1629800):  JavaThread "main" [_thread_in_native, id=18732, stack(0x0000005cab300000,0x0000005cab400000)]

Stack: [0x0000005cab300000,0x0000005cab400000],  sp=0x0000005cab3fdc50,  free space=1015k
Native frames: (J=compiled Java code, j=interpreted, Vv=VM code, C=native code)
C  [xuggle1376322990546309997.dll+0x736520]

Java frames: (J=compiled Java code, j=interpreted, Vv=VM code)
j  com.xuggle.xuggler.XugglerJNI.IContainer_open__SWIG_1(JLcom/xuggle/xuggler/IContainer;Ljava/lang/String;IJLcom/xuggle/xuggler/IContainerFormat;ZZ)I+0
j  com.xuggle.xuggler.IContainer.open(Ljava/lang/String;Lcom/xuggle/xuggler/IContainer$Type;Lcom/xuggle/xuggler/IContainerFormat;ZZ)I+19
j  com.xuggle.mediatool.MediaReader.open()V+20
j  com.xuggle.mediatool.MediaReader.readPacket()Lcom/xuggle/xuggler/IError;+8
j  TestVideo.main([Ljava/lang/String;)V+7
v  ~StubRoutines::call_stub

siginfo: EXCEPTION_ACCESS_VIOLATION (0xc0000005), reading address 0xffffffffffffffff


Register to memory mapping:

RIP=0x000000006ee76520 xuggle1376322990546309997.dll
RAX=0x00000237f63a8ed0 points into unknown readable memory: 00 00 00 00 00 00 00 80
RBX=0x00000237f63f4b20 points into unknown readable memory: 05 00 00 00 01 00 00 00
RCX=0x00000237f63a8ed0 points into unknown readable memory: 00 00 00 00 00 00 00 80
RDX=0x0000000000000009 is an unknown value
RSP=0x0000005cab3fdc50 is pointing into the stack for thread: 0x00000237d1629800
RBP=0x00000237f63a8610 points into unknown readable memory: 20 c8 2b f6 37 02 00 00
RSI=0x00000237f63a9ed0 points into unknown readable memory: 09 00 00 00 01 00 00 00
RDI=0x0000000000000004 is an unknown value
R8 =0x000000006ee77580 xuggle1376322990546309997.dll
R9 =0x000000006ee76490 xuggle1376322990546309997.dll
R10=0x00000237f64636c0 points into unknown readable memory: 04 00 84 01 c4 00 64 01
R11=0x00000237f62d5540 points into unknown readable memory: 2d f3 b4 bc bb 64 b4 bc
R12=0x00000237f62d5d40 points into unknown readable memory: b8 16 b5 bc 9e a4 b5 bc
R13=0x0000000000000004 is an unknown value
R14=0x0000000000000184 is an unknown value
R15=0x000000006fab8f20 xuggle1376322990546309997.dll


Registers:
RAX=0x00000237f63a8ed0, RBX=0x00000237f63f4b20, RCX=0x00000237f63a8ed0, RDX=0x0000000000000009
RSP=0x0000005cab3fdc50, RBP=0x00000237f63a8610, RSI=0x00000237f63a9ed0, RDI=0x0000000000000004
R8 =0x000000006ee77580, R9 =0x000000006ee76490, R10=0x00000237f64636c0, R11=0x00000237f62d5540
R12=0x00000237f62d5d40, R13=0x0000000000000004, R14=0x0000000000000184, R15=0x000000006fab8f20
RIP=0x000000006ee76520, EFLAGS=0x0000000000010202

Top of Stack: (sp=0x0000005cab3fdc50)
0x0000005cab3fdc50:   000000006ee76665 000000006ee774c5
0x0000005cab3fdc60:   000000006ee77505 000000006ee77545
0x0000005cab3fdc70:   000000006ee77585 000000006ee79426
0x0000005cab3fdc80:   000000006fab8f20 00000237f63a8ed0
0x0000005cab3fdc90:   00000237f63f6fe0 000000071ff08708
0x0000005cab3fdca0:   3fe0000000000000 0000000000000000
0x0000005cab3fdcb0:   40c7760000000000 0000000000000000
0x0000005cab3fdcc0:   3fe0000000000000 0000000000000001
0x0000005cab3fdcd0:   00000237f63f7fe0 000000006ea45d24
0x0000005cab3fdce0:   3f40624dd2f1a9fc 0000000000000000
0x0000005cab3fdcf0:   0000000000000000 0000000000000000
0x0000005cab3fdd00:   0000000000000000 0000000000000000
0x0000005cab3fdd10:   00000237f6400ee0 000000006fab7320
0x0000005cab3fdd20:   0000000004000004 00000237f63f4a80
0x0000005cab3fdd30:   0000000000000001 00000237f63a8610
0x0000005cab3fdd40:   00000237f63a8690 0000000000000000 

Instructions: (pc=0x000000006ee76520)
0x000000006ee76420:   48 89 c8 8b 79 18 89 fe c1 fe 02 48 63 d6 8d 34
0x000000006ee76430:   76 48 8d 5c 95 00 48 63 f6 48 89 da ff 50 48 89
0x000000006ee76440:   f8 83 ef 10 48 8d 54 b5 00 f7 d8 48 63 ff 48 98
0x000000006ee76450:   0f 28 3d f9 d0 65 00 0f 28 04 3b 0f 28 0c 02 0f
0x000000006ee76460:   c6 c0 1b 0f c6 c9 1b 0f 57 c7 0f 29 0c 3a 0f 29
0x000000006ee76470:   04 03 48 83 ef 10 48 83 c0 10 7c db 0f 28 7c 24
0x000000006ee76480:   20 48 83 c4 38 5b 5e 5f 5d c3 90 90 90 90 90 90
0x000000006ee76490:   c5 fc 28 01 c5 fc 28 49 20 c5 fc 5c e1 c5 fc 58
0x000000006ee764a0:   d1 c5 dc 59 0d 17 42 84 00 c4 e2 75 0c 0d ce 41
0x000000006ee764b0:   84 00 c4 e3 75 0c c2 33 c5 ec c6 e1 4e c5 dc 5c
0x000000006ee764c0:   d8 c5 dc 58 c0 c4 e2 7d 0c 05 d2 41 84 00 c5 e4
0x000000006ee764d0:   c6 e0 bb c5 e4 c6 d0 ee c4 e3 6d 06 d4 13 c5 e4
0x000000006ee764e0:   57 1d fa 41 84 00 c5 fc c6 cb dd c5 fc c6 c3 88
0x000000006ee764f0:   c4 e3 75 06 d8 02 c4 e3 7d 06 c1 13 c5 fc 5c e2
0x000000006ee76500:   c4 e3 5d 0c c0 55 c5 e4 5c c8 c5 e4 58 c0 c5 fc
0x000000006ee76510:   29 01 c5 fc 29 49 20 c3 0f 1f 84 00 00 00 00 00
0x000000006ee76520:   c5 fc 28 51 40 c5 fc 28 59 60 c5 ec 5c fb c5 ec
0x000000006ee76530:   58 d3 c5 c4 57 3d 26 41 84 00 c5 ec c6 df be c5
0x000000006ee76540:   ec c6 d7 44 c5 ec 5c fb c5 ec 58 d3 c5 ec c6 df
0x000000006ee76550:   dd c5 ec c6 d7 88 c5 fc 28 01 c5 fc 28 49 20 c5
0x000000006ee76560:   fc 5c f9 c5 fc 58 e1 c5 c4 59 0d 51 41 84 00 c4
0x000000006ee76570:   e2 75 0c 0d 08 41 84 00 c4 e3 75 0c c4 33 c5 dc
0x000000006ee76580:   c6 f9 4e c5 c4 5c e8 c5 c4 58 c0 c4 e2 7d 0c 05
0x000000006ee76590:   0c 41 84 00 c5 d4 c6 f8 bb c5 d4 c6 e0 ee c4 e3
0x000000006ee765a0:   5d 06 e7 13 c5 d4 57 2d 34 41 84 00 c5 fc c6 cd
0x000000006ee765b0:   dd c5 fc c6 c5 88 c4 e3 75 06 e8 02 c4 e3 7d 06
0x000000006ee765c0:   c1 13 c5 fc 5c fc c4 e3 45 0c c0 55 c5 d4 5c c8
0x000000006ee765d0:   c5 d4 58 c0 c5 fc 28 25 04 40 84 00 c5 fc 28 2d
0x000000006ee765e0:   1c 40 84 00 c5 ec 59 f4 c5 e4 59 fd c5 c4 58 fe
0x000000006ee765f0:   c5 ec 59 d5 c5 e4 59 dc c5 e4 5c da c4 e3 45 0c
0x000000006ee76600:   d3 f0 c4 e3 45 06 db 21 c5 ec 58 e3 c5 e4 5c d2
0x000000006ee76610:   c4 e3 6d 06 d2 01 c5 f4 5c da c5 f4 58 ca c5 fc 


Stack slot to memory mapping:
stack at sp + 0 slots: 0x000000006ee76665 xuggle1376322990546309997.dll
stack at sp + 1 slots: 0x000000006ee774c5 xuggle1376322990546309997.dll
stack at sp + 2 slots: 0x000000006ee77505 xuggle1376322990546309997.dll
stack at sp + 3 slots: 0x000000006ee77545 xuggle1376322990546309997.dll
stack at sp + 4 slots: 0x000000006ee77585 xuggle1376322990546309997.dll
stack at sp + 5 slots: 0x000000006ee79426 xuggle1376322990546309997.dll
stack at sp + 6 slots: 0x000000006fab8f20 xuggle1376322990546309997.dll
stack at sp + 7 slots: 0x00000237f63a8ed0 points into unknown readable memory: 00 00 00 00 00 00 00 80


---------------  P R O C E S S  ---------------

Threads class SMR info:
_java_thread_list=0x00000237f54ffee0, length=12, elements={
0x00000237d1629800, 0x00000237f4a57000, 0x00000237f4a58000, 0x00000237f52fa000,
0x00000237f52fd000, 0x00000237f52ff000, 0x00000237f5304800, 0x00000237f530f000,
0x00000237f5322000, 0x00000237f542d800, 0x00000237f54c8000, 0x00000237f54cf000
}

Java Threads: ( => current thread )
=>0x00000237d1629800 JavaThread "main" [_thread_in_native, id=18732, stack(0x0000005cab300000,0x0000005cab400000)]
  0x00000237f4a57000 JavaThread "Reference Handler" daemon [_thread_blocked, id=18744, stack(0x0000005caba00000,0x0000005cabb00000)]
  0x00000237f4a58000 JavaThread "Finalizer" daemon [_thread_blocked, id=13660, stack(0x0000005cabb00000,0x0000005cabc00000)]
  0x00000237f52fa000 JavaThread "Signal Dispatcher" daemon [_thread_blocked, id=16140, stack(0x0000005cabc00000,0x0000005cabd00000)]
  0x00000237f52fd000 JavaThread "Attach Listener" daemon [_thread_blocked, id=12352, stack(0x0000005cabd00000,0x0000005cabe00000)]
  0x00000237f52ff000 JavaThread "Service Thread" daemon [_thread_blocked, id=16416, stack(0x0000005cabe00000,0x0000005cabf00000)]
  0x00000237f5304800 JavaThread "C2 CompilerThread0" daemon [_thread_blocked, id=4292, stack(0x0000005cabf00000,0x0000005cac000000)]
  0x00000237f530f000 JavaThread "C1 CompilerThread0" daemon [_thread_blocked, id=15076, stack(0x0000005cac000000,0x0000005cac100000)]
  0x00000237f5322000 JavaThread "Sweeper thread" daemon [_thread_blocked, id=16328, stack(0x0000005cac100000,0x0000005cac200000)]
  0x00000237f542d800 JavaThread "Common-Cleaner" daemon [_thread_blocked, id=13104, stack(0x0000005cac200000,0x0000005cac300000)]
  0x00000237f54c8000 JavaThread "Monitor Ctrl-Break" daemon [_thread_in_native, id=16988, stack(0x0000005cac300000,0x0000005cac400000)]
  0x00000237f54cf000 JavaThread "Notification Thread" daemon [_thread_blocked, id=12588, stack(0x0000005cac400000,0x0000005cac500000)]

Other Threads:
  0x00000237f4a55000 VMThread "VM Thread" [stack: 0x0000005cab900000,0x0000005caba00000] [id=15964]
  0x00000237f54de800 WatcherThread [stack: 0x0000005cac500000,0x0000005cac600000] [id=9336]
  0x00000237d168a000 GCTaskThread "GC Thread#0" [stack: 0x0000005cab400000,0x0000005cab500000] [id=3836]
  0x00000237d16a9000 ConcurrentGCThread "G1 Main Marker" [stack: 0x0000005cab500000,0x0000005cab600000] [id=16600]
  0x00000237d16ab800 ConcurrentGCThread "G1 Conc#0" [stack: 0x0000005cab600000,0x0000005cab700000] [id=14960]
  0x00000237f493c000 ConcurrentGCThread "G1 Refine#0" [stack: 0x0000005cab700000,0x0000005cab800000] [id=3788]
  0x00000237f493e000 ConcurrentGCThread "G1 Young RemSet Sampling" [stack: 0x0000005cab800000,0x0000005cab900000] [id=18028]

Threads with active compile tasks:

VM state:not at safepoint (normal execution)

VM Mutex/Monitor currently owned by a thread: None

Heap address: 0x0000000711000000, size: 3824 MB, Compressed Oops mode: Zero based, Oop shift amount: 3
Narrow klass base: 0x0000000800000000, Narrow klass shift: 3
Compressed class space size: 1073741824 Address: 0x0000000800b30000

Heap:
 garbage-first heap   total 245760K, used 4096K [0x0000000711000000, 0x0000000800000000)
  region size 1024K, 5 young (5120K), 0 survivors (0K)
 Metaspace       used 2510K, capacity 5231K, committed 5376K, reserved 1056768K
  class space    used 242K, capacity 488K, committed 512K, reserved 1048576K
Heap Regions: E=young(eden), S=young(survivor), O=old, HS=humongous(starts), HC=humongous(continues), CS=collection set, F=free, OA=open archive, CA=closed archive, TAMS=top-at-mark-start (previous, next)
|   0|0x0000000711000000, 0x0000000711000000, 0x0000000711100000|  0%| F|  |TAMS 0x0000000711000000, 0x0000000711000000| Untracked 
|   1|0x0000000711100000, 0x0000000711100000, 0x0000000711200000|  0%| F|  |TAMS 0x0000000711100000, 0x0000000711100000| Untracked 
|   2|0x0000000711200000, 0x0000000711200000, 0x0000000711300000|  0%| F|  |TAMS 0x0000000711200000, 0x0000000711200000| Untracked 
|   3|0x0000000711300000, 0x0000000711300000, 0x0000000711400000|  0%| F|  |TAMS 0x0000000711300000, 0x0000000711300000| Untracked 
|   4|0x0000000711400000, 0x0000000711400000, 0x0000000711500000|  0%| F|  |TAMS 0x0000000711400000, 0x0000000711400000| Untracked 
|   5|0x0000000711500000, 0x0000000711500000, 0x0000000711600000|  0%| F|  |TAMS 0x0000000711500000, 0x0000000711500000| Untracked 
|   6|0x0000000711600000, 0x0000000711600000, 0x0000000711700000|  0%| F|  |TAMS 0x0000000711600000, 0x0000000711600000| Untracked 
|   7|0x0000000711700000, 0x0000000711700000, 0x0000000711800000|  0%| F|  |TAMS 0x0000000711700000, 0x0000000711700000| Untracked 
|   8|0x0000000711800000, 0x0000000711800000, 0x0000000711900000|  0%| F|  |TAMS 0x0000000711800000, 0x0000000711800000| Untracked 
|   9|0x0000000711900000, 0x0000000711900000, 0x0000000711a00000|  0%| F|  |TAMS 0x0000000711900000, 0x0000000711900000| Untracked 
|  10|0x0000000711a00000, 0x0000000711a00000, 0x0000000711b00000|  0%| F|  |TAMS 0x0000000711a00000, 0x0000000711a00000| Untracked 
|  11|0x0000000711b00000, 0x0000000711b00000, 0x0000000711c00000|  0%| F|  |TAMS 0x0000000711b00000, 0x0000000711b00000| Untracked 
|  12|0x0000000711c00000, 0x0000000711c00000, 0x0000000711d00000|  0%| F|  |TAMS 0x0000000711c00000, 0x0000000711c00000| Untracked 
|  13|0x0000000711d00000, 0x0000000711d00000, 0x0000000711e00000|  0%| F|  |TAMS 0x0000000711d00000, 0x0000000711d00000| Untracked 
|  14|0x0000000711e00000, 0x0000000711e00000, 0x0000000711f00000|  0%| F|  |TAMS 0x0000000711e00000, 0x0000000711e00000| Untracked 
|  15|0x0000000711f00000, 0x0000000711f00000, 0x0000000712000000|  0%| F|  |TAMS 0x0000000711f00000, 0x0000000711f00000| Untracked 
|  16|0x0000000712000000, 0x0000000712000000, 0x0000000712100000|  0%| F|  |TAMS 0x0000000712000000, 0x0000000712000000| Untracked 
|  17|0x0000000712100000, 0x0000000712100000, 0x0000000712200000|  0%| F|  |TAMS 0x0000000712100000, 0x0000000712100000| Untracked 
|  18|0x0000000712200000, 0x0000000712200000, 0x0000000712300000|  0%| F|  |TAMS 0x0000000712200000, 0x0000000712200000| Untracked 
|  19|0x0000000712300000, 0x0000000712300000, 0x0000000712400000|  0%| F|  |TAMS 0x0000000712300000, 0x0000000712300000| Untracked 
|  20|0x0000000712400000, 0x0000000712400000, 0x0000000712500000|  0%| F|  |TAMS 0x0000000712400000, 0x0000000712400000| Untracked 
|  21|0x0000000712500000, 0x0000000712500000, 0x0000000712600000|  0%| F|  |TAMS 0x0000000712500000, 0x0000000712500000| Untracked 
|  22|0x0000000712600000, 0x0000000712600000, 0x0000000712700000|  0%| F|  |TAMS 0x0000000712600000, 0x0000000712600000| Untracked 
|  23|0x0000000712700000, 0x0000000712700000, 0x0000000712800000|  0%| F|  |TAMS 0x0000000712700000, 0x0000000712700000| Untracked 
|  24|0x0000000712800000, 0x0000000712800000, 0x0000000712900000|  0%| F|  |TAMS 0x0000000712800000, 0x0000000712800000| Untracked 
|  25|0x0000000712900000, 0x0000000712900000, 0x0000000712a00000|  0%| F|  |TAMS 0x0000000712900000, 0x0000000712900000| Untracked 
|  26|0x0000000712a00000, 0x0000000712a00000, 0x0000000712b00000|  0%| F|  |TAMS 0x0000000712a00000, 0x0000000712a00000| Untracked 
|  27|0x0000000712b00000, 0x0000000712b00000, 0x0000000712c00000|  0%| F|  |TAMS 0x0000000712b00000, 0x0000000712b00000| Untracked 
|  28|0x0000000712c00000, 0x0000000712c00000, 0x0000000712d00000|  0%| F|  |TAMS 0x0000000712c00000, 0x0000000712c00000| Untracked 
|  29|0x0000000712d00000, 0x0000000712d00000, 0x0000000712e00000|  0%| F|  |TAMS 0x0000000712d00000, 0x0000000712d00000| Untracked 
|  30|0x0000000712e00000, 0x0000000712e00000, 0x0000000712f00000|  0%| F|  |TAMS 0x0000000712e00000, 0x0000000712e00000| Untracked 
|  31|0x0000000712f00000, 0x0000000712f00000, 0x0000000713000000|  0%| F|  |TAMS 0x0000000712f00000, 0x0000000712f00000| Untracked 
|  32|0x0000000713000000, 0x0000000713000000, 0x0000000713100000|  0%| F|  |TAMS 0x0000000713000000, 0x0000000713000000| Untracked 
|  33|0x0000000713100000, 0x0000000713100000, 0x0000000713200000|  0%| F|  |TAMS 0x0000000713100000, 0x0000000713100000| Untracked 
|  34|0x0000000713200000, 0x0000000713200000, 0x0000000713300000|  0%| F|  |TAMS 0x0000000713200000, 0x0000000713200000| Untracked 
|  35|0x0000000713300000, 0x0000000713300000, 0x0000000713400000|  0%| F|  |TAMS 0x0000000713300000, 0x0000000713300000| Untracked 
|  36|0x0000000713400000, 0x0000000713400000, 0x0000000713500000|  0%| F|  |TAMS 0x0000000713400000, 0x0000000713400000| Untracked 
|  37|0x0000000713500000, 0x0000000713500000, 0x0000000713600000|  0%| F|  |TAMS 0x0000000713500000, 0x0000000713500000| Untracked 
|  38|0x0000000713600000, 0x0000000713600000, 0x0000000713700000|  0%| F|  |TAMS 0x0000000713600000, 0x0000000713600000| Untracked 
|  39|0x0000000713700000, 0x0000000713700000, 0x0000000713800000|  0%| F|  |TAMS 0x0000000713700000, 0x0000000713700000| Untracked 
|  40|0x0000000713800000, 0x0000000713800000, 0x0000000713900000|  0%| F|  |TAMS 0x0000000713800000, 0x0000000713800000| Untracked 
|  41|0x0000000713900000, 0x0000000713900000, 0x0000000713a00000|  0%| F|  |TAMS 0x0000000713900000, 0x0000000713900000| Untracked 
|  42|0x0000000713a00000, 0x0000000713a00000, 0x0000000713b00000|  0%| F|  |TAMS 0x0000000713a00000, 0x0000000713a00000| Untracked 
|  43|0x0000000713b00000, 0x0000000713b00000, 0x0000000713c00000|  0%| F|  |TAMS 0x0000000713b00000, 0x0000000713b00000| Untracked 
|  44|0x0000000713c00000, 0x0000000713c00000, 0x0000000713d00000|  0%| F|  |TAMS 0x0000000713c00000, 0x0000000713c00000| Untracked 
|  45|0x0000000713d00000, 0x0000000713d00000, 0x0000000713e00000|  0%| F|  |TAMS 0x0000000713d00000, 0x0000000713d00000| Untracked 
|  46|0x0000000713e00000, 0x0000000713e00000, 0x0000000713f00000|  0%| F|  |TAMS 0x0000000713e00000, 0x0000000713e00000| Untracked 
|  47|0x0000000713f00000, 0x0000000713f00000, 0x0000000714000000|  0%| F|  |TAMS 0x0000000713f00000, 0x0000000713f00000| Untracked 
|  48|0x0000000714000000, 0x0000000714000000, 0x0000000714100000|  0%| F|  |TAMS 0x0000000714000000, 0x0000000714000000| Untracked 
|  49|0x0000000714100000, 0x0000000714100000, 0x0000000714200000|  0%| F|  |TAMS 0x0000000714100000, 0x0000000714100000| Untracked 
|  50|0x0000000714200000, 0x0000000714200000, 0x0000000714300000|  0%| F|  |TAMS 0x0000000714200000, 0x0000000714200000| Untracked 
|  51|0x0000000714300000, 0x0000000714300000, 0x0000000714400000|  0%| F|  |TAMS 0x0000000714300000, 0x0000000714300000| Untracked 
|  52|0x0000000714400000, 0x0000000714400000, 0x0000000714500000|  0%| F|  |TAMS 0x0000000714400000, 0x0000000714400000| Untracked 
|  53|0x0000000714500000, 0x0000000714500000, 0x0000000714600000|  0%| F|  |TAMS 0x0000000714500000, 0x0000000714500000| Untracked 
|  54|0x0000000714600000, 0x0000000714600000, 0x0000000714700000|  0%| F|  |TAMS 0x0000000714600000, 0x0000000714600000| Untracked 
|  55|0x0000000714700000, 0x0000000714700000, 0x0000000714800000|  0%| F|  |TAMS 0x0000000714700000, 0x0000000714700000| Untracked 
|  56|0x0000000714800000, 0x0000000714800000, 0x0000000714900000|  0%| F|  |TAMS 0x0000000714800000, 0x0000000714800000| Untracked 
|  57|0x0000000714900000, 0x0000000714900000, 0x0000000714a00000|  0%| F|  |TAMS 0x0000000714900000, 0x0000000714900000| Untracked 
|  58|0x0000000714a00000, 0x0000000714a00000, 0x0000000714b00000|  0%| F|  |TAMS 0x0000000714a00000, 0x0000000714a00000| Untracked 
|  59|0x0000000714b00000, 0x0000000714b00000, 0x0000000714c00000|  0%| F|  |TAMS 0x0000000714b00000, 0x0000000714b00000| Untracked 
|  60|0x0000000714c00000, 0x0000000714c00000, 0x0000000714d00000|  0%| F|  |TAMS 0x0000000714c00000, 0x0000000714c00000| Untracked 
|  61|0x0000000714d00000, 0x0000000714d00000, 0x0000000714e00000|  0%| F|  |TAMS 0x0000000714d00000, 0x0000000714d00000| Untracked 
|  62|0x0000000714e00000, 0x0000000714e00000, 0x0000000714f00000|  0%| F|  |TAMS 0x0000000714e00000, 0x0000000714e00000| Untracked 
|  63|0x0000000714f00000, 0x0000000714f00000, 0x0000000715000000|  0%| F|  |TAMS 0x0000000714f00000, 0x0000000714f00000| Untracked 
|  64|0x0000000715000000, 0x0000000715000000, 0x0000000715100000|  0%| F|  |TAMS 0x0000000715000000, 0x0000000715000000| Untracked 
|  65|0x0000000715100000, 0x0000000715100000, 0x0000000715200000|  0%| F|  |TAMS 0x0000000715100000, 0x0000000715100000| Untracked 
|  66|0x0000000715200000, 0x0000000715200000, 0x0000000715300000|  0%| F|  |TAMS 0x0000000715200000, 0x0000000715200000| Untracked 
|  67|0x0000000715300000, 0x0000000715300000, 0x0000000715400000|  0%| F|  |TAMS 0x0000000715300000, 0x0000000715300000| Untracked 
|  68|0x0000000715400000, 0x0000000715400000, 0x0000000715500000|  0%| F|  |TAMS 0x0000000715400000, 0x0000000715400000| Untracked 
|  69|0x0000000715500000, 0x0000000715500000, 0x0000000715600000|  0%| F|  |TAMS 0x0000000715500000, 0x0000000715500000| Untracked 
|  70|0x0000000715600000, 0x0000000715600000, 0x0000000715700000|  0%| F|  |TAMS 0x0000000715600000, 0x0000000715600000| Untracked 
|  71|0x0000000715700000, 0x0000000715700000, 0x0000000715800000|  0%| F|  |TAMS 0x0000000715700000, 0x0000000715700000| Untracked 
|  72|0x0000000715800000, 0x0000000715800000, 0x0000000715900000|  0%| F|  |TAMS 0x0000000715800000, 0x0000000715800000| Untracked 
|  73|0x0000000715900000, 0x0000000715900000, 0x0000000715a00000|  0%| F|  |TAMS 0x0000000715900000, 0x0000000715900000| Untracked 
|  74|0x0000000715a00000, 0x0000000715a00000, 0x0000000715b00000|  0%| F|  |TAMS 0x0000000715a00000, 0x0000000715a00000| Untracked 
|  75|0x0000000715b00000, 0x0000000715b00000, 0x0000000715c00000|  0%| F|  |TAMS 0x0000000715b00000, 0x0000000715b00000| Untracked 
|  76|0x0000000715c00000, 0x0000000715c00000, 0x0000000715d00000|  0%| F|  |TAMS 0x0000000715c00000, 0x0000000715c00000| Untracked 
|  77|0x0000000715d00000, 0x0000000715d00000, 0x0000000715e00000|  0%| F|  |TAMS 0x0000000715d00000, 0x0000000715d00000| Untracked 
|  78|0x0000000715e00000, 0x0000000715e00000, 0x0000000715f00000|  0%| F|  |TAMS 0x0000000715e00000, 0x0000000715e00000| Untracked 
|  79|0x0000000715f00000, 0x0000000715f00000, 0x0000000716000000|  0%| F|  |TAMS 0x0000000715f00000, 0x0000000715f00000| Untracked 
|  80|0x0000000716000000, 0x0000000716000000, 0x0000000716100000|  0%| F|  |TAMS 0x0000000716000000, 0x0000000716000000| Untracked 
|  81|0x0000000716100000, 0x0000000716100000, 0x0000000716200000|  0%| F|  |TAMS 0x0000000716100000, 0x0000000716100000| Untracked 
|  82|0x0000000716200000, 0x0000000716200000, 0x0000000716300000|  0%| F|  |TAMS 0x0000000716200000, 0x0000000716200000| Untracked 
|  83|0x0000000716300000, 0x0000000716300000, 0x0000000716400000|  0%| F|  |TAMS 0x0000000716300000, 0x0000000716300000| Untracked 
|  84|0x0000000716400000, 0x0000000716400000, 0x0000000716500000|  0%| F|  |TAMS 0x0000000716400000, 0x0000000716400000| Untracked 
|  85|0x0000000716500000, 0x0000000716500000, 0x0000000716600000|  0%| F|  |TAMS 0x0000000716500000, 0x0000000716500000| Untracked 
|  86|0x0000000716600000, 0x0000000716600000, 0x0000000716700000|  0%| F|  |TAMS 0x0000000716600000, 0x0000000716600000| Untracked 
|  87|0x0000000716700000, 0x0000000716700000, 0x0000000716800000|  0%| F|  |TAMS 0x0000000716700000, 0x0000000716700000| Untracked 
|  88|0x0000000716800000, 0x0000000716800000, 0x0000000716900000|  0%| F|  |TAMS 0x0000000716800000, 0x0000000716800000| Untracked 
|  89|0x0000000716900000, 0x0000000716900000, 0x0000000716a00000|  0%| F|  |TAMS 0x0000000716900000, 0x0000000716900000| Untracked 
|  90|0x0000000716a00000, 0x0000000716a00000, 0x0000000716b00000|  0%| F|  |TAMS 0x0000000716a00000, 0x0000000716a00000| Untracked 
|  91|0x0000000716b00000, 0x0000000716b00000, 0x0000000716c00000|  0%| F|  |TAMS 0x0000000716b00000, 0x0000000716b00000| Untracked 
|  92|0x0000000716c00000, 0x0000000716c00000, 0x0000000716d00000|  0%| F|  |TAMS 0x0000000716c00000, 0x0000000716c00000| Untracked 
|  93|0x0000000716d00000, 0x0000000716d00000, 0x0000000716e00000|  0%| F|  |TAMS 0x0000000716d00000, 0x0000000716d00000| Untracked 
|  94|0x0000000716e00000, 0x0000000716e00000, 0x0000000716f00000|  0%| F|  |TAMS 0x0000000716e00000, 0x0000000716e00000| Untracked 
|  95|0x0000000716f00000, 0x0000000716f00000, 0x0000000717000000|  0%| F|  |TAMS 0x0000000716f00000, 0x0000000716f00000| Untracked 
|  96|0x0000000717000000, 0x0000000717000000, 0x0000000717100000|  0%| F|  |TAMS 0x0000000717000000, 0x0000000717000000| Untracked 
|  97|0x0000000717100000, 0x0000000717100000, 0x0000000717200000|  0%| F|  |TAMS 0x0000000717100000, 0x0000000717100000| Untracked 
|  98|0x0000000717200000, 0x0000000717200000, 0x0000000717300000|  0%| F|  |TAMS 0x0000000717200000, 0x0000000717200000| Untracked 
|  99|0x0000000717300000, 0x0000000717300000, 0x0000000717400000|  0%| F|  |TAMS 0x0000000717300000, 0x0000000717300000| Untracked 
| 100|0x0000000717400000, 0x0000000717400000, 0x0000000717500000|  0%| F|  |TAMS 0x0000000717400000, 0x0000000717400000| Untracked 
| 101|0x0000000717500000, 0x0000000717500000, 0x0000000717600000|  0%| F|  |TAMS 0x0000000717500000, 0x0000000717500000| Untracked 
| 102|0x0000000717600000, 0x0000000717600000, 0x0000000717700000|  0%| F|  |TAMS 0x0000000717600000, 0x0000000717600000| Untracked 
| 103|0x0000000717700000, 0x0000000717700000, 0x0000000717800000|  0%| F|  |TAMS 0x0000000717700000, 0x0000000717700000| Untracked 
| 104|0x0000000717800000, 0x0000000717800000, 0x0000000717900000|  0%| F|  |TAMS 0x0000000717800000, 0x0000000717800000| Untracked 
| 105|0x0000000717900000, 0x0000000717900000, 0x0000000717a00000|  0%| F|  |TAMS 0x0000000717900000, 0x0000000717900000| Untracked 
| 106|0x0000000717a00000, 0x0000000717a00000, 0x0000000717b00000|  0%| F|  |TAMS 0x0000000717a00000, 0x0000000717a00000| Untracked 
| 107|0x0000000717b00000, 0x0000000717b00000, 0x0000000717c00000|  0%| F|  |TAMS 0x0000000717b00000, 0x0000000717b00000| Untracked 
| 108|0x0000000717c00000, 0x0000000717c00000, 0x0000000717d00000|  0%| F|  |TAMS 0x0000000717c00000, 0x0000000717c00000| Untracked 
| 109|0x0000000717d00000, 0x0000000717d00000, 0x0000000717e00000|  0%| F|  |TAMS 0x0000000717d00000, 0x0000000717d00000| Untracked 
| 110|0x0000000717e00000, 0x0000000717e00000, 0x0000000717f00000|  0%| F|  |TAMS 0x0000000717e00000, 0x0000000717e00000| Untracked 
| 111|0x0000000717f00000, 0x0000000717f00000, 0x0000000718000000|  0%| F|  |TAMS 0x0000000717f00000, 0x0000000717f00000| Untracked 
| 112|0x0000000718000000, 0x0000000718000000, 0x0000000718100000|  0%| F|  |TAMS 0x0000000718000000, 0x0000000718000000| Untracked 
| 113|0x0000000718100000, 0x0000000718100000, 0x0000000718200000|  0%| F|  |TAMS 0x0000000718100000, 0x0000000718100000| Untracked 
| 114|0x0000000718200000, 0x0000000718200000, 0x0000000718300000|  0%| F|  |TAMS 0x0000000718200000, 0x0000000718200000| Untracked 
| 115|0x0000000718300000, 0x0000000718300000, 0x0000000718400000|  0%| F|  |TAMS 0x0000000718300000, 0x0000000718300000| Untracked 
| 116|0x0000000718400000, 0x0000000718400000, 0x0000000718500000|  0%| F|  |TAMS 0x0000000718400000, 0x0000000718400000| Untracked 
| 117|0x0000000718500000, 0x0000000718500000, 0x0000000718600000|  0%| F|  |TAMS 0x0000000718500000, 0x0000000718500000| Untracked 
| 118|0x0000000718600000, 0x0000000718600000, 0x0000000718700000|  0%| F|  |TAMS 0x0000000718600000, 0x0000000718600000| Untracked 
| 119|0x0000000718700000, 0x0000000718700000, 0x0000000718800000|  0%| F|  |TAMS 0x0000000718700000, 0x0000000718700000| Untracked 
| 120|0x0000000718800000, 0x0000000718800000, 0x0000000718900000|  0%| F|  |TAMS 0x0000000718800000, 0x0000000718800000| Untracked 
| 121|0x0000000718900000, 0x0000000718900000, 0x0000000718a00000|  0%| F|  |TAMS 0x0000000718900000, 0x0000000718900000| Untracked 
| 122|0x0000000718a00000, 0x0000000718a00000, 0x0000000718b00000|  0%| F|  |TAMS 0x0000000718a00000, 0x0000000718a00000| Untracked 
| 123|0x0000000718b00000, 0x0000000718b00000, 0x0000000718c00000|  0%| F|  |TAMS 0x0000000718b00000, 0x0000000718b00000| Untracked 
| 124|0x0000000718c00000, 0x0000000718c00000, 0x0000000718d00000|  0%| F|  |TAMS 0x0000000718c00000, 0x0000000718c00000| Untracked 
| 125|0x0000000718d00000, 0x0000000718d00000, 0x0000000718e00000|  0%| F|  |TAMS 0x0000000718d00000, 0x0000000718d00000| Untracked 
| 126|0x0000000718e00000, 0x0000000718e00000, 0x0000000718f00000|  0%| F|  |TAMS 0x0000000718e00000, 0x0000000718e00000| Untracked 
| 127|0x0000000718f00000, 0x0000000718f00000, 0x0000000719000000|  0%| F|  |TAMS 0x0000000718f00000, 0x0000000718f00000| Untracked 
| 128|0x0000000719000000, 0x0000000719000000, 0x0000000719100000|  0%| F|  |TAMS 0x0000000719000000, 0x0000000719000000| Untracked 
| 129|0x0000000719100000, 0x0000000719100000, 0x0000000719200000|  0%| F|  |TAMS 0x0000000719100000, 0x0000000719100000| Untracked 
| 130|0x0000000719200000, 0x0000000719200000, 0x0000000719300000|  0%| F|  |TAMS 0x0000000719200000, 0x0000000719200000| Untracked 
| 131|0x0000000719300000, 0x0000000719300000, 0x0000000719400000|  0%| F|  |TAMS 0x0000000719300000, 0x0000000719300000| Untracked 
| 132|0x0000000719400000, 0x0000000719400000, 0x0000000719500000|  0%| F|  |TAMS 0x0000000719400000, 0x0000000719400000| Untracked 
| 133|0x0000000719500000, 0x0000000719500000, 0x0000000719600000|  0%| F|  |TAMS 0x0000000719500000, 0x0000000719500000| Untracked 
| 134|0x0000000719600000, 0x0000000719600000, 0x0000000719700000|  0%| F|  |TAMS 0x0000000719600000, 0x0000000719600000| Untracked 
| 135|0x0000000719700000, 0x0000000719700000, 0x0000000719800000|  0%| F|  |TAMS 0x0000000719700000, 0x0000000719700000| Untracked 
| 136|0x0000000719800000, 0x0000000719800000, 0x0000000719900000|  0%| F|  |TAMS 0x0000000719800000, 0x0000000719800000| Untracked 
| 137|0x0000000719900000, 0x0000000719900000, 0x0000000719a00000|  0%| F|  |TAMS 0x0000000719900000, 0x0000000719900000| Untracked 
| 138|0x0000000719a00000, 0x0000000719a00000, 0x0000000719b00000|  0%| F|  |TAMS 0x0000000719a00000, 0x0000000719a00000| Untracked 
| 139|0x0000000719b00000, 0x0000000719b00000, 0x0000000719c00000|  0%| F|  |TAMS 0x0000000719b00000, 0x0000000719b00000| Untracked 
| 140|0x0000000719c00000, 0x0000000719c00000, 0x0000000719d00000|  0%| F|  |TAMS 0x0000000719c00000, 0x0000000719c00000| Untracked 
| 141|0x0000000719d00000, 0x0000000719d00000, 0x0000000719e00000|  0%| F|  |TAMS 0x0000000719d00000, 0x0000000719d00000| Untracked 
| 142|0x0000000719e00000, 0x0000000719e00000, 0x0000000719f00000|  0%| F|  |TAMS 0x0000000719e00000, 0x0000000719e00000| Untracked 
| 143|0x0000000719f00000, 0x0000000719f00000, 0x000000071a000000|  0%| F|  |TAMS 0x0000000719f00000, 0x0000000719f00000| Untracked 
| 144|0x000000071a000000, 0x000000071a000000, 0x000000071a100000|  0%| F|  |TAMS 0x000000071a000000, 0x000000071a000000| Untracked 
| 145|0x000000071a100000, 0x000000071a100000, 0x000000071a200000|  0%| F|  |TAMS 0x000000071a100000, 0x000000071a100000| Untracked 
| 146|0x000000071a200000, 0x000000071a200000, 0x000000071a300000|  0%| F|  |TAMS 0x000000071a200000, 0x000000071a200000| Untracked 
| 147|0x000000071a300000, 0x000000071a300000, 0x000000071a400000|  0%| F|  |TAMS 0x000000071a300000, 0x000000071a300000| Untracked 
| 148|0x000000071a400000, 0x000000071a400000, 0x000000071a500000|  0%| F|  |TAMS 0x000000071a400000, 0x000000071a400000| Untracked 
| 149|0x000000071a500000, 0x000000071a500000, 0x000000071a600000|  0%| F|  |TAMS 0x000000071a500000, 0x000000071a500000| Untracked 
| 150|0x000000071a600000, 0x000000071a600000, 0x000000071a700000|  0%| F|  |TAMS 0x000000071a600000, 0x000000071a600000| Untracked 
| 151|0x000000071a700000, 0x000000071a700000, 0x000000071a800000|  0%| F|  |TAMS 0x000000071a700000, 0x000000071a700000| Untracked 
| 152|0x000000071a800000, 0x000000071a800000, 0x000000071a900000|  0%| F|  |TAMS 0x000000071a800000, 0x000000071a800000| Untracked 
| 153|0x000000071a900000, 0x000000071a900000, 0x000000071aa00000|  0%| F|  |TAMS 0x000000071a900000, 0x000000071a900000| Untracked 
| 154|0x000000071aa00000, 0x000000071aa00000, 0x000000071ab00000|  0%| F|  |TAMS 0x000000071aa00000, 0x000000071aa00000| Untracked 
| 155|0x000000071ab00000, 0x000000071ab00000, 0x000000071ac00000|  0%| F|  |TAMS 0x000000071ab00000, 0x000000071ab00000| Untracked 
| 156|0x000000071ac00000, 0x000000071ac00000, 0x000000071ad00000|  0%| F|  |TAMS 0x000000071ac00000, 0x000000071ac00000| Untracked 
| 157|0x000000071ad00000, 0x000000071ad00000, 0x000000071ae00000|  0%| F|  |TAMS 0x000000071ad00000, 0x000000071ad00000| Untracked 
| 158|0x000000071ae00000, 0x000000071ae00000, 0x000000071af00000|  0%| F|  |TAMS 0x000000071ae00000, 0x000000071ae00000| Untracked 
| 159|0x000000071af00000, 0x000000071af00000, 0x000000071b000000|  0%| F|  |TAMS 0x000000071af00000, 0x000000071af00000| Untracked 
| 160|0x000000071b000000, 0x000000071b000000, 0x000000071b100000|  0%| F|  |TAMS 0x000000071b000000, 0x000000071b000000| Untracked 
| 161|0x000000071b100000, 0x000000071b100000, 0x000000071b200000|  0%| F|  |TAMS 0x000000071b100000, 0x000000071b100000| Untracked 
| 162|0x000000071b200000, 0x000000071b200000, 0x000000071b300000|  0%| F|  |TAMS 0x000000071b200000, 0x000000071b200000| Untracked 
| 163|0x000000071b300000, 0x000000071b300000, 0x000000071b400000|  0%| F|  |TAMS 0x000000071b300000, 0x000000071b300000| Untracked 
| 164|0x000000071b400000, 0x000000071b400000, 0x000000071b500000|  0%| F|  |TAMS 0x000000071b400000, 0x000000071b400000| Untracked 
| 165|0x000000071b500000, 0x000000071b500000, 0x000000071b600000|  0%| F|  |TAMS 0x000000071b500000, 0x000000071b500000| Untracked 
| 166|0x000000071b600000, 0x000000071b600000, 0x000000071b700000|  0%| F|  |TAMS 0x000000071b600000, 0x000000071b600000| Untracked 
| 167|0x000000071b700000, 0x000000071b700000, 0x000000071b800000|  0%| F|  |TAMS 0x000000071b700000, 0x000000071b700000| Untracked 
| 168|0x000000071b800000, 0x000000071b800000, 0x000000071b900000|  0%| F|  |TAMS 0x000000071b800000, 0x000000071b800000| Untracked 
| 169|0x000000071b900000, 0x000000071b900000, 0x000000071ba00000|  0%| F|  |TAMS 0x000000071b900000, 0x000000071b900000| Untracked 
| 170|0x000000071ba00000, 0x000000071ba00000, 0x000000071bb00000|  0%| F|  |TAMS 0x000000071ba00000, 0x000000071ba00000| Untracked 
| 171|0x000000071bb00000, 0x000000071bb00000, 0x000000071bc00000|  0%| F|  |TAMS 0x000000071bb00000, 0x000000071bb00000| Untracked 
| 172|0x000000071bc00000, 0x000000071bc00000, 0x000000071bd00000|  0%| F|  |TAMS 0x000000071bc00000, 0x000000071bc00000| Untracked 
| 173|0x000000071bd00000, 0x000000071bd00000, 0x000000071be00000|  0%| F|  |TAMS 0x000000071bd00000, 0x000000071bd00000| Untracked 
| 174|0x000000071be00000, 0x000000071be00000, 0x000000071bf00000|  0%| F|  |TAMS 0x000000071be00000, 0x000000071be00000| Untracked 
| 175|0x000000071bf00000, 0x000000071bf00000, 0x000000071c000000|  0%| F|  |TAMS 0x000000071bf00000, 0x000000071bf00000| Untracked 
| 176|0x000000071c000000, 0x000000071c000000, 0x000000071c100000|  0%| F|  |TAMS 0x000000071c000000, 0x000000071c000000| Untracked 
| 177|0x000000071c100000, 0x000000071c100000, 0x000000071c200000|  0%| F|  |TAMS 0x000000071c100000, 0x000000071c100000| Untracked 
| 178|0x000000071c200000, 0x000000071c200000, 0x000000071c300000|  0%| F|  |TAMS 0x000000071c200000, 0x000000071c200000| Untracked 
| 179|0x000000071c300000, 0x000000071c300000, 0x000000071c400000|  0%| F|  |TAMS 0x000000071c300000, 0x000000071c300000| Untracked 
| 180|0x000000071c400000, 0x000000071c400000, 0x000000071c500000|  0%| F|  |TAMS 0x000000071c400000, 0x000000071c400000| Untracked 
| 181|0x000000071c500000, 0x000000071c500000, 0x000000071c600000|  0%| F|  |TAMS 0x000000071c500000, 0x000000071c500000| Untracked 
| 182|0x000000071c600000, 0x000000071c600000, 0x000000071c700000|  0%| F|  |TAMS 0x000000071c600000, 0x000000071c600000| Untracked 
| 183|0x000000071c700000, 0x000000071c700000, 0x000000071c800000|  0%| F|  |TAMS 0x000000071c700000, 0x000000071c700000| Untracked 
| 184|0x000000071c800000, 0x000000071c800000, 0x000000071c900000|  0%| F|  |TAMS 0x000000071c800000, 0x000000071c800000| Untracked 
| 185|0x000000071c900000, 0x000000071c900000, 0x000000071ca00000|  0%| F|  |TAMS 0x000000071c900000, 0x000000071c900000| Untracked 
| 186|0x000000071ca00000, 0x000000071ca00000, 0x000000071cb00000|  0%| F|  |TAMS 0x000000071ca00000, 0x000000071ca00000| Untracked 
| 187|0x000000071cb00000, 0x000000071cb00000, 0x000000071cc00000|  0%| F|  |TAMS 0x000000071cb00000, 0x000000071cb00000| Untracked 
| 188|0x000000071cc00000, 0x000000071cc00000, 0x000000071cd00000|  0%| F|  |TAMS 0x000000071cc00000, 0x000000071cc00000| Untracked 
| 189|0x000000071cd00000, 0x000000071cd00000, 0x000000071ce00000|  0%| F|  |TAMS 0x000000071cd00000, 0x000000071cd00000| Untracked 
| 190|0x000000071ce00000, 0x000000071ce00000, 0x000000071cf00000|  0%| F|  |TAMS 0x000000071ce00000, 0x000000071ce00000| Untracked 
| 191|0x000000071cf00000, 0x000000071cf00000, 0x000000071d000000|  0%| F|  |TAMS 0x000000071cf00000, 0x000000071cf00000| Untracked 
| 192|0x000000071d000000, 0x000000071d000000, 0x000000071d100000|  0%| F|  |TAMS 0x000000071d000000, 0x000000071d000000| Untracked 
| 193|0x000000071d100000, 0x000000071d100000, 0x000000071d200000|  0%| F|  |TAMS 0x000000071d100000, 0x000000071d100000| Untracked 
| 194|0x000000071d200000, 0x000000071d200000, 0x000000071d300000|  0%| F|  |TAMS 0x000000071d200000, 0x000000071d200000| Untracked 
| 195|0x000000071d300000, 0x000000071d300000, 0x000000071d400000|  0%| F|  |TAMS 0x000000071d300000, 0x000000071d300000| Untracked 
| 196|0x000000071d400000, 0x000000071d400000, 0x000000071d500000|  0%| F|  |TAMS 0x000000071d400000, 0x000000071d400000| Untracked 
| 197|0x000000071d500000, 0x000000071d500000, 0x000000071d600000|  0%| F|  |TAMS 0x000000071d500000, 0x000000071d500000| Untracked 
| 198|0x000000071d600000, 0x000000071d600000, 0x000000071d700000|  0%| F|  |TAMS 0x000000071d600000, 0x000000071d600000| Untracked 
| 199|0x000000071d700000, 0x000000071d700000, 0x000000071d800000|  0%| F|  |TAMS 0x000000071d700000, 0x000000071d700000| Untracked 
| 200|0x000000071d800000, 0x000000071d800000, 0x000000071d900000|  0%| F|  |TAMS 0x000000071d800000, 0x000000071d800000| Untracked 
| 201|0x000000071d900000, 0x000000071d900000, 0x000000071da00000|  0%| F|  |TAMS 0x000000071d900000, 0x000000071d900000| Untracked 
| 202|0x000000071da00000, 0x000000071da00000, 0x000000071db00000|  0%| F|  |TAMS 0x000000071da00000, 0x000000071da00000| Untracked 
| 203|0x000000071db00000, 0x000000071db00000, 0x000000071dc00000|  0%| F|  |TAMS 0x000000071db00000, 0x000000071db00000| Untracked 
| 204|0x000000071dc00000, 0x000000071dc00000, 0x000000071dd00000|  0%| F|  |TAMS 0x000000071dc00000, 0x000000071dc00000| Untracked 
| 205|0x000000071dd00000, 0x000000071dd00000, 0x000000071de00000|  0%| F|  |TAMS 0x000000071dd00000, 0x000000071dd00000| Untracked 
| 206|0x000000071de00000, 0x000000071de00000, 0x000000071df00000|  0%| F|  |TAMS 0x000000071de00000, 0x000000071de00000| Untracked 
| 207|0x000000071df00000, 0x000000071df00000, 0x000000071e000000|  0%| F|  |TAMS 0x000000071df00000, 0x000000071df00000| Untracked 
| 208|0x000000071e000000, 0x000000071e000000, 0x000000071e100000|  0%| F|  |TAMS 0x000000071e000000, 0x000000071e000000| Untracked 
| 209|0x000000071e100000, 0x000000071e100000, 0x000000071e200000|  0%| F|  |TAMS 0x000000071e100000, 0x000000071e100000| Untracked 
| 210|0x000000071e200000, 0x000000071e200000, 0x000000071e300000|  0%| F|  |TAMS 0x000000071e200000, 0x000000071e200000| Untracked 
| 211|0x000000071e300000, 0x000000071e300000, 0x000000071e400000|  0%| F|  |TAMS 0x000000071e300000, 0x000000071e300000| Untracked 
| 212|0x000000071e400000, 0x000000071e400000, 0x000000071e500000|  0%| F|  |TAMS 0x000000071e400000, 0x000000071e400000| Untracked 
| 213|0x000000071e500000, 0x000000071e500000, 0x000000071e600000|  0%| F|  |TAMS 0x000000071e500000, 0x000000071e500000| Untracked 
| 214|0x000000071e600000, 0x000000071e600000, 0x000000071e700000|  0%| F|  |TAMS 0x000000071e600000, 0x000000071e600000| Untracked 
| 215|0x000000071e700000, 0x000000071e700000, 0x000000071e800000|  0%| F|  |TAMS 0x000000071e700000, 0x000000071e700000| Untracked 
| 216|0x000000071e800000, 0x000000071e800000, 0x000000071e900000|  0%| F|  |TAMS 0x000000071e800000, 0x000000071e800000| Untracked 
| 217|0x000000071e900000, 0x000000071e900000, 0x000000071ea00000|  0%| F|  |TAMS 0x000000071e900000, 0x000000071e900000| Untracked 
| 218|0x000000071ea00000, 0x000000071ea00000, 0x000000071eb00000|  0%| F|  |TAMS 0x000000071ea00000, 0x000000071ea00000| Untracked 
| 219|0x000000071eb00000, 0x000000071eb00000, 0x000000071ec00000|  0%| F|  |TAMS 0x000000071eb00000, 0x000000071eb00000| Untracked 
| 220|0x000000071ec00000, 0x000000071ec00000, 0x000000071ed00000|  0%| F|  |TAMS 0x000000071ec00000, 0x000000071ec00000| Untracked 
| 221|0x000000071ed00000, 0x000000071ed00000, 0x000000071ee00000|  0%| F|  |TAMS 0x000000071ed00000, 0x000000071ed00000| Untracked 
| 222|0x000000071ee00000, 0x000000071ee00000, 0x000000071ef00000|  0%| F|  |TAMS 0x000000071ee00000, 0x000000071ee00000| Untracked 
| 223|0x000000071ef00000, 0x000000071ef00000, 0x000000071f000000|  0%| F|  |TAMS 0x000000071ef00000, 0x000000071ef00000| Untracked 
| 224|0x000000071f000000, 0x000000071f000000, 0x000000071f100000|  0%| F|  |TAMS 0x000000071f000000, 0x000000071f000000| Untracked 
| 225|0x000000071f100000, 0x000000071f100000, 0x000000071f200000|  0%| F|  |TAMS 0x000000071f100000, 0x000000071f100000| Untracked 
| 226|0x000000071f200000, 0x000000071f200000, 0x000000071f300000|  0%| F|  |TAMS 0x000000071f200000, 0x000000071f200000| Untracked 
| 227|0x000000071f300000, 0x000000071f300000, 0x000000071f400000|  0%| F|  |TAMS 0x000000071f300000, 0x000000071f300000| Untracked 
| 228|0x000000071f400000, 0x000000071f400000, 0x000000071f500000|  0%| F|  |TAMS 0x000000071f400000, 0x000000071f400000| Untracked 
| 229|0x000000071f500000, 0x000000071f500000, 0x000000071f600000|  0%| F|  |TAMS 0x000000071f500000, 0x000000071f500000| Untracked 
| 230|0x000000071f600000, 0x000000071f600000, 0x000000071f700000|  0%| F|  |TAMS 0x000000071f600000, 0x000000071f600000| Untracked 
| 231|0x000000071f700000, 0x000000071f700000, 0x000000071f800000|  0%| F|  |TAMS 0x000000071f700000, 0x000000071f700000| Untracked 
| 232|0x000000071f800000, 0x000000071f800000, 0x000000071f900000|  0%| F|  |TAMS 0x000000071f800000, 0x000000071f800000| Untracked 
| 233|0x000000071f900000, 0x000000071f900000, 0x000000071fa00000|  0%| F|  |TAMS 0x000000071f900000, 0x000000071f900000| Untracked 
| 234|0x000000071fa00000, 0x000000071fa00000, 0x000000071fb00000|  0%| F|  |TAMS 0x000000071fa00000, 0x000000071fa00000| Untracked 
| 235|0x000000071fb00000, 0x000000071fbec0a0, 0x000000071fc00000| 92%| E|  |TAMS 0x000000071fb00000, 0x000000071fb00000| Complete 
| 236|0x000000071fc00000, 0x000000071fd00000, 0x000000071fd00000|100%| E|CS|TAMS 0x000000071fc00000, 0x000000071fc00000| Complete 
| 237|0x000000071fd00000, 0x000000071fe00000, 0x000000071fe00000|100%| E|CS|TAMS 0x000000071fd00000, 0x000000071fd00000| Complete 
| 238|0x000000071fe00000, 0x000000071ff00000, 0x000000071ff00000|100%| E|CS|TAMS 0x000000071fe00000, 0x000000071fe00000| Complete 
| 239|0x000000071ff00000, 0x0000000720000000, 0x0000000720000000|100%| E|CS|TAMS 0x000000071ff00000, 0x000000071ff00000| Complete 

Card table byte_map: [0x00000237e9860000,0x00000237e9fe0000] _byte_map_base: 0x00000237e5fd8000

Marking Bits (Prev, Next): (CMBitMap*) 0x00000237d168a738, (CMBitMap*) 0x00000237d168a778
 Prev Bits: [0x00000237ea760000, 0x00000237ee320000)
 Next Bits: [0x00000237ee320000, 0x00000237f1ee0000)

Polling page: 0x00000237cf4c0000

Metaspace:

Usage:
  Non-class:      4.63 MB capacity,     2.21 MB ( 48%) used,     2.41 MB ( 52%) free+waste,     3.94 KB ( <1%) overhead. 
      Class:    488.00 KB capacity,   242.84 KB ( 50%) used,   242.78 KB ( 50%) free+waste,     2.38 KB ( <1%) overhead. 
       Both:      5.11 MB capacity,     2.45 MB ( 48%) used,     2.65 MB ( 52%) free+waste,     6.31 KB ( <1%) overhead. 

Virtual space:
  Non-class space:        8.00 MB reserved,       4.75 MB ( 59%) committed 
      Class space:        1.00 GB reserved,     512.00 KB ( <1%) committed 
             Both:        1.01 GB reserved,       5.25 MB ( <1%) committed 

Chunk freelists:
   Non-Class:  57.00 KB
       Class:  0 bytes
        Both:  57.00 KB

MaxMetaspaceSize: 17179869184.00 GB
CompressedClassSpaceSize: 1.00 GB

CodeHeap 'non-profiled nmethods': size=120000Kb used=161Kb max_used=161Kb free=119838Kb
 bounds [0x00000237e1880000, 0x00000237e1af0000, 0x00000237e8db0000]
CodeHeap 'profiled nmethods': size=120000Kb used=808Kb max_used=808Kb free=119191Kb
 bounds [0x00000237da350000, 0x00000237da5c0000, 0x00000237e1880000]
CodeHeap 'non-nmethods': size=5760Kb used=1174Kb max_used=1189Kb free=4585Kb
 bounds [0x00000237d9db0000, 0x00000237da020000, 0x00000237da350000]
 total_blobs=1327 nmethods=507 adapters=345
 compilation: enabled
              stopped_count=0, restarted_count=0
 full_count=0

Compilation events (20 events):
Event: 5.079 Thread 0x00000237f530f000  497       3       java.io.WinNTFileSystem::prefixLength (91 bytes)
Event: 5.083 Thread 0x00000237f530f000 nmethod 497 0x00000237da411990 code [0x00000237da411ca0, 0x00000237da412fb8]
Event: 5.084 Thread 0x00000237f530f000  498       3       java.util.jar.JarFile::maybeInstantiateVerifier (116 bytes)
Event: 5.084 Thread 0x00000237f5304800  500       4       java.lang.String::getBytes (44 bytes)
Event: 5.085 Thread 0x00000237f530f000 nmethod 498 0x00000237da413690 code [0x00000237da4139c0, 0x00000237da414bf8]
Event: 5.085 Thread 0x00000237f530f000  499       3       java.io.File::isInvalid (48 bytes)
Event: 5.086 Thread 0x00000237f530f000 nmethod 499 0x00000237da415310 code [0x00000237da415500, 0x00000237da415a18]
Event: 5.086 Thread 0x00000237f530f000  501       3       java.lang.StringConcatHelper::initialCoder (14 bytes)
Event: 5.086 Thread 0x00000237f530f000 nmethod 501 0x00000237da415b90 code [0x00000237da415d20, 0x00000237da415e38]
Event: 5.087 Thread 0x00000237f530f000  502       3       java.lang.StringConcatHelper::simpleConcat (62 bytes)
Event: 5.087 Thread 0x00000237f5304800 nmethod 500 0x00000237e18a6f10 code [0x00000237e18a70c0, 0x00000237e18a7258]
Event: 5.088 Thread 0x00000237f5304800  504       4       java.lang.StringLatin1::replace (198 bytes)
Event: 5.088 Thread 0x00000237f530f000 nmethod 502 0x00000237da415e90 code [0x00000237da416160, 0x00000237da417058]
Event: 5.088 Thread 0x00000237f530f000  503       3       java.lang.StringConcatHelper::newString (67 bytes)
Event: 5.089 Thread 0x00000237f530f000 nmethod 503 0x00000237da417610 code [0x00000237da4178a0, 0x00000237da418568]
Event: 5.089 Thread 0x00000237f530f000  505       3       java.lang.String::concat (15 bytes)
Event: 5.092 Thread 0x00000237f530f000 nmethod 505 0x00000237da418990 code [0x00000237da418c60, 0x00000237da419bb8]
Event: 5.094 Thread 0x00000237f530f000  506       1       java.lang.invoke.MethodTypeForm::parameterSlotCount (5 bytes)
Event: 5.095 Thread 0x00000237f530f000 nmethod 506 0x00000237e18a7390 code [0x00000237e18a7520, 0x00000237e18a75f8]
Event: 5.102 Thread 0x00000237f5304800 nmethod 504 0x00000237e18a7690 code [0x00000237e18a78a0, 0x00000237e18a7e88]

GC Heap History (0 events):
No events

Deoptimization events (16 events):
Event: 0.486 Thread 0x00000237d1629800 Uncommon trap: trap_request=0xffffff45 fr.pc=0x00000237e188e444 relative=0x0000000000000084
Event: 0.486 Thread 0x00000237d1629800 Uncommon trap: reason=unstable_if action=reinterpret pc=0x00000237e188e444 method=java.lang.String.isLatin1()Z @ 10 c2
Event: 0.486 Thread 0x00000237d1629800 DEOPT PACKING pc=0x00000237e188e444 sp=0x0000005cab3feb30
Event: 0.486 Thread 0x00000237d1629800 DEOPT UNPACKING pc=0x00000237d9df912f sp=0x0000005cab3fea70 mode 2
Event: 0.637 Thread 0x00000237d1629800 Uncommon trap: trap_request=0xffffff45 fr.pc=0x00000237e188d808 relative=0x00000000000009a8
Event: 0.637 Thread 0x00000237d1629800 Uncommon trap: reason=unstable_if action=reinterpret pc=0x00000237e188d808 method=java.util.HashMap.putVal(ILjava/lang/Object;Ljava/lang/Object;ZZ)Ljava/lang/Object; @ 181 c2
Event: 0.637 Thread 0x00000237d1629800 DEOPT PACKING pc=0x00000237e188d808 sp=0x0000005cab3fa7b0
Event: 0.637 Thread 0x00000237d1629800 DEOPT UNPACKING pc=0x00000237d9df912f sp=0x0000005cab3fa750 mode 2
Event: 1.077 Thread 0x00000237d1629800 Uncommon trap: trap_request=0xffffff45 fr.pc=0x00000237e189fe84 relative=0x00000000000004c4
Event: 1.077 Thread 0x00000237d1629800 Uncommon trap: reason=unstable_if action=reinterpret pc=0x00000237e189fe84 method=java.util.zip.Inflater.inflate([BII)I @ 327 c2
Event: 1.077 Thread 0x00000237d1629800 DEOPT PACKING pc=0x00000237e189fe84 sp=0x0000005cab3fb980
Event: 1.077 Thread 0x00000237d1629800 DEOPT UNPACKING pc=0x00000237d9df912f sp=0x0000005cab3fb8f0 mode 2
Event: 1.077 Thread 0x00000237d1629800 Uncommon trap: trap_request=0xffffff45 fr.pc=0x00000237e18a1578 relative=0x00000000000009f8
Event: 1.077 Thread 0x00000237d1629800 Uncommon trap: reason=unstable_if action=reinterpret pc=0x00000237e18a1578 method=java.util.zip.InflaterInputStream.read([BII)I @ 69 c2
Event: 1.077 Thread 0x00000237d1629800 DEOPT PACKING pc=0x00000237e18a1578 sp=0x0000005cab3fba00
Event: 1.077 Thread 0x00000237d1629800 DEOPT UNPACKING pc=0x00000237d9df912f sp=0x0000005cab3fb9c0 mode 2

Classes unloaded (0 events):
No events

Classes redefined (0 events):
No events

Internal exceptions (2 events):
Event: 0.644 Thread 0x00000237d1629800 Exception <a 'java/lang/NoSuchMethodError'{0x000000071fb00b98}: 'java.lang.Object java.lang.invoke.DirectMethodHandle$Holder.invokeStaticInit(java.lang.Object, int, int, int, int)'> (0x000000071fb00b98) 
thrown [t:/workspace/open/src/hotspot/share/interpreter/linkResolver.cpp, line 766]
Event: 0.753 Thread 0x00000237d1629800 Exception <a 'java/lang/NoSuchMethodError'{0x000000071fb45950}: 'java.lang.Object java.lang.invoke.DirectMethodHandle$Holder.invokeStaticInit(java.lang.Object, java.lang.Object, int, int, int, int)'> (0x000000071fb45950) 
thrown [t:/workspace/open/src/hotspot/share/interpreter/linkResolver.cpp, line 766]

Events (20 events):
Event: 0.761 loading class java/io/DeleteOnExitHook done
Event: 0.761 loading class java/io/DeleteOnExitHook$1
Event: 0.761 loading class java/io/DeleteOnExitHook$1 done
Event: 1.078 loading class java/io/FileOutputStream$1
Event: 1.078 loading class java/io/FileOutputStream$1 done
Event: 5.019 Loaded shared library C:\Users\Rohit.Dharap\AppData\Local\Temp\xuggle\xuggle1376322990546309997.dll
Event: 5.025 loading class java/util/concurrent/atomic/AtomicReference
Event: 5.025 loading class java/util/concurrent/atomic/AtomicReference done
Event: 5.027 loading class java/lang/AssertionError
Event: 5.027 loading class java/lang/AssertionError done
Event: 5.027 loading class java/lang/InterruptedException
Event: 5.027 loading class java/lang/InterruptedException done
Event: 5.029 loading class java/lang/IndexOutOfBoundsException
Event: 5.030 loading class java/lang/IndexOutOfBoundsException done
Event: 5.034 Executing VM operation: HandshakeAllThreads
Event: 5.034 Executing VM operation: HandshakeAllThreads done
Event: 5.039 loading class java/util/concurrent/atomic/AtomicBoolean
Event: 5.039 loading class java/util/concurrent/atomic/AtomicBoolean done
Event: 5.058 loading class java/lang/invoke/BoundMethodHandle$Species_LL
Event: 5.058 loading class java/lang/invoke/BoundMethodHandle$Species_LL done


Dynamic libraries:
0x00007ff608060000 - 0x00007ff60806f000 	C:\Program Files\Java\jdk-14\bin\java.exe
0x00007ffff7f70000 - 0x00007ffff815d000 	C:\Windows\SYSTEM32\ntdll.dll
0x00007ffff5550000 - 0x00007ffff5603000 	C:\Windows\System32\KERNEL32.DLL
0x00007ffff4bc0000 - 0x00007ffff4e53000 	C:\Windows\System32\KERNELBASE.dll
0x0000000066680000 - 0x0000000066713000 	C:\Windows\System32\SYSFER.DLL
0x00007ffff4350000 - 0x00007ffff444a000 	C:\Windows\System32\ucrtbase.dll
0x00007fffe3ad0000 - 0x00007fffe3ae8000 	C:\Program Files\Java\jdk-14\bin\jli.dll
0x00007ffff5610000 - 0x00007ffff56b3000 	C:\Windows\System32\ADVAPI32.dll
0x00007ffff7890000 - 0x00007ffff792e000 	C:\Windows\System32\msvcrt.dll
0x00007fffe3ab0000 - 0x00007fffe3ac5000 	C:\Program Files\Java\jdk-14\bin\VCRUNTIME140.dll
0x00007ffff5320000 - 0x00007ffff53be000 	C:\Windows\System32\sechost.dll
0x00007ffff7a90000 - 0x00007ffff7bb2000 	C:\Windows\System32\RPCRT4.dll
0x00007ffff7d20000 - 0x00007ffff7eb7000 	C:\Windows\System32\USER32.dll
0x00007ffff4ba0000 - 0x00007ffff4bc0000 	C:\Windows\System32\win32u.dll
0x00007ffff7bc0000 - 0x00007ffff7be9000 	C:\Windows\System32\GDI32.dll
0x00007ffff4e60000 - 0x00007ffff4ffa000 	C:\Windows\System32\gdi32full.dll
0x00007fffe1f50000 - 0x00007fffe21c9000 	C:\Windows\WinSxS\amd64_microsoft.windows.common-controls_6595b64144ccf1df_6.0.17763.503_none_05b23ef40721f4ae\COMCTL32.dll
0x00007ffff5100000 - 0x00007ffff51a0000 	C:\Windows\System32\msvcp_win.dll
0x00007ffff5ed0000 - 0x00007ffff61fc000 	C:\Windows\System32\combase.dll
0x00007ffff5080000 - 0x00007ffff50fe000 	C:\Windows\System32\bcryptPrimitives.dll
0x00007fffebf60000 - 0x00007fffebf6a000 	C:\Windows\SYSTEM32\VERSION.dll
0x00007ffff5310000 - 0x00007ffff5318000 	C:\Windows\System32\psapi.dll
0x00007ffff5c60000 - 0x00007ffff5c8e000 	C:\Windows\System32\IMM32.DLL
0x00007fffbbe20000 - 0x00007fffbbebb000 	C:\Program Files\Java\jdk-14\bin\msvcp140.dll
0x00007fff80080000 - 0x00007fff80b9f000 	C:\Program Files\Java\jdk-14\bin\server\jvm.dll
0x00007fffdeec0000 - 0x00007fffdeec9000 	C:\Windows\SYSTEM32\WSOCK32.dll
0x00007ffff6200000 - 0x00007ffff626d000 	C:\Windows\System32\WS2_32.dll
0x00007fffef410000 - 0x00007fffef434000 	C:\Windows\SYSTEM32\WINMM.dll
0x00007fffef3e0000 - 0x00007fffef40d000 	C:\Windows\SYSTEM32\WINMMBASE.dll
0x00007ffff5000000 - 0x00007ffff504a000 	C:\Windows\System32\cfgmgr32.dll
0x00007ffff3f90000 - 0x00007ffff3fa1000 	C:\Windows\System32\kernel.appcore.dll
0x00007fffe4040000 - 0x00007fffe404a000 	C:\Program Files\Java\jdk-14\bin\jimage.dll
0x00007ffff2540000 - 0x00007ffff272d000 	C:\Windows\SYSTEM32\DBGHELP.DLL
0x00007fffdf3a0000 - 0x00007fffdf3ca000 	C:\Windows\SYSTEM32\dbgcore.DLL
0x00007fffe3dc0000 - 0x00007fffe3dce000 	C:\Program Files\Java\jdk-14\bin\instrument.dll
0x00007fffe2af0000 - 0x00007fffe2b15000 	C:\Program Files\Java\jdk-14\bin\java.dll
0x00007fffe2a20000 - 0x00007fffe2a37000 	C:\Program Files\Java\jdk-14\bin\zip.dll
0x00007ffff63a0000 - 0x00007ffff7890000 	C:\Windows\System32\SHELL32.dll
0x00007ffff54a0000 - 0x00007ffff5548000 	C:\Windows\System32\shcore.dll
0x00007ffff4450000 - 0x00007ffff4b9a000 	C:\Windows\System32\windows.storage.dll
0x00007ffff3fb0000 - 0x00007ffff3fd4000 	C:\Windows\System32\profapi.dll
0x00007ffff3fe0000 - 0x00007ffff403d000 	C:\Windows\System32\powrprof.dll
0x00007ffff5c00000 - 0x00007ffff5c52000 	C:\Windows\System32\shlwapi.dll
0x00007ffff4330000 - 0x00007ffff4347000 	C:\Windows\System32\cryptsp.dll
0x00007fffe1780000 - 0x00007fffe1799000 	C:\Program Files\Java\jdk-14\bin\net.dll
0x00007fffed540000 - 0x00007fffed631000 	C:\Windows\SYSTEM32\WINHTTP.dll
0x00007ffff3790000 - 0x00007ffff37f7000 	C:\Windows\system32\mswsock.dll
0x00007fffdf180000 - 0x00007fffdf192000 	C:\Program Files\Java\jdk-14\bin\nio.dll
0x00007fffe3da0000 - 0x00007fffe3db0000 	C:\Program Files\Java\jdk-14\bin\verify.dll
0x00007fffdd770000 - 0x00007fffdd78a000 	C:\ideaIC-2019.3.5.win\bin\breakgen64.dll
0x00007ffff30f0000 - 0x00007ffff3123000 	C:\Windows\system32\rsaenh.dll
0x00007ffff5050000 - 0x00007ffff5076000 	C:\Windows\System32\bcrypt.dll
0x00007ffff3ea0000 - 0x00007ffff3ec8000 	C:\Windows\SYSTEM32\USERENV.dll
0x00007ffff3960000 - 0x00007ffff396c000 	C:\Windows\SYSTEM32\CRYPTBASE.dll
0x00007ffff34f0000 - 0x00007ffff352d000 	C:\Windows\SYSTEM32\IPHLPAPI.DLL
0x00007ffff5490000 - 0x00007ffff5498000 	C:\Windows\System32\NSI.dll
0x00007ffff1b50000 - 0x00007ffff1b66000 	C:\Windows\SYSTEM32\dhcpcsvc6.DLL
0x00007ffff1b30000 - 0x00007ffff1b4c000 	C:\Windows\SYSTEM32\dhcpcsvc.DLL
0x00007ffff3540000 - 0x00007ffff3606000 	C:\Windows\SYSTEM32\DNSAPI.dll
0x000000006e740000 - 0x000000006fda5000 	C:\Users\Rohit.Dharap\AppData\Local\Temp\xuggle\xuggle1376322990546309997.dll
0x00007ffff7930000 - 0x00007ffff7a85000 	C:\Windows\System32\ole32.dll
0x00007fffd7a50000 - 0x00007fffd7a68000 	C:\Windows\SYSTEM32\AVICAP32.dll
0x00007fffcf160000 - 0x00007fffcf189000 	C:\Windows\SYSTEM32\MSVFW32.dll

dbghelp: loaded successfully - version: 4.0.5 - missing functions: none
symbol engine: initialized successfully - sym options: 0x614 - pdb path: .;C:\Program Files\Java\jdk-14\bin;C:\Windows\SYSTEM32;C:\Windows\WinSxS\amd64_microsoft.windows.common-controls_6595b64144ccf1df_6.0.17763.503_none_05b23ef40721f4ae;C:\Program Files\Java\jdk-14\bin\server;C:\ideaIC-2019.3.5.win\bin;C:\Users\Rohit.Dharap\AppData\Local\Temp\xuggle

VM Arguments:
jvm_args: -javaagent:C:\ideaIC-2019.3.5.win\lib\idea_rt.jar=56867:C:\ideaIC-2019.3.5.win\bin -Dfile.encoding=UTF-8 
java_command: TestVideo
java_class_path (initial): C:\Program Files\Java\jdk-14;C:\Users\Rohit.Dharap\eclipse-workspace\Temp\out\production\Temp;C:\Users\Rohit.Dharap\Downloads\xuggle-xuggler-5.4.jar;C:\Users\Rohit.Dharap\Downloads\test\slf4j-api-2.0.0-alpha1.jar
Launcher Type: SUN_STANDARD

[Global flags]
     intx CICompilerCount                          = 4                                         {product} {ergonomic}
     uint ConcGCThreads                            = 2                                         {product} {ergonomic}
     uint G1ConcRefinementThreads                  = 8                                         {product} {ergonomic}
   size_t G1HeapRegionSize                         = 1048576                                   {product} {ergonomic}
    uintx GCDrainStackTargetSize                   = 64                                        {product} {ergonomic}
   size_t InitialHeapSize                          = 251658240                                 {product} {ergonomic}
   size_t MarkStackSize                            = 4194304                                   {product} {ergonomic}
   size_t MaxHeapSize                              = 4009754624                                {product} {ergonomic}
   size_t MaxNewSize                               = 2405433344                                {product} {ergonomic}
   size_t MinHeapDeltaBytes                        = 1048576                                   {product} {ergonomic}
   size_t MinHeapSize                              = 8388608                                   {product} {ergonomic}
    uintx NonNMethodCodeHeapSize                   = 5839372                                {pd product} {ergonomic}
    uintx NonProfiledCodeHeapSize                  = 122909434                              {pd product} {ergonomic}
    uintx ProfiledCodeHeapSize                     = 122909434                              {pd product} {ergonomic}
    uintx ReservedCodeCacheSize                    = 251658240                              {pd product} {ergonomic}
     bool SegmentedCodeCache                       = true                                      {product} {ergonomic}
   size_t SoftMaxHeapSize                          = 4009754624                             {manageable} {ergonomic}
     bool UseCompressedClassPointers               = true                                 {lp64_product} {ergonomic}
     bool UseCompressedOops                        = true                                 {lp64_product} {ergonomic}
     bool UseG1GC                                  = true                                      {product} {ergonomic}
     bool UseLargePagesIndividualAllocation        = false                                  {pd product} {ergonomic}

Logging:
Log output configuration:
 #0: stdout all=warning uptime,level,tags
 #1: stderr all=off uptime,level,tags

Environment Variables:
JAVA_HOME=C:\Program Files\Java\jdk-14
CLASSPATH=C:\Program Files\Documentum\dctm.jar;C:\Documentum\config;C:\Program Files (x86)\Documentum\DocLink\aspectjrt.jar;C:\Program Files (x86)\Documentum\DocLink\certjFIPS.jar;C:\Program Files (x86)\Documentum\DocLink\commons-lang-2.4.jar;C:\Program Files (x86)\Documentum\DocLink\jsafeFIPS.jar;C:\Program Files (x86)\Documentum\DocLink\log4j.jar;C:\Program Files (x86)\Documentum\DocLink\dfc.jar;C:\Program Files (x86)\Documentum\DocLink\dfc.properties;C:\Program Files (x86)\Documentum\DocLink
PATH=C:\Program Files\Documentum\Shared;C:\Program Files\avs\bin;C:\Program Files\avs\bin32;C:\ProgramData\Oracle\Java\javapath;C:\Windows\system32;C:\Windows;C:\Windows\System32\Wbem;C:\Windows\System32\WindowsPowerShell\v1.0\;C:\Windows\System32\OpenSSH\;C:\Program Files (x86)\Enterprise Vault\EVClient\x64\;C:\Windows\CCM;C:\Windows\CCM;C:\Windows\CCM;C:\Windows\CCM;C:\Windows\CCM;C:\Users\Rohit.Dharap\AppData\Local\Microsoft\WindowsApps;C:\apache-maven-3.6.3-bin\apache-maven-3.6.3\bin;C:\Users\Rohit.Dharap\AppData\Local\Programs\Git\cmd;C:\Users\Rohit.Dharap\AppData\Local\Mozilla Firefox\firefox.exe;
USERNAME=Rohit.Dharap
OS=Windows_NT
PROCESSOR_IDENTIFIER=AMD64 Family 23 Model 17 Stepping 0, AuthenticAMD



---------------  S Y S T E M  ---------------

OS: Windows 10 , 64 bit Build 17763 (10.0.17763.475)
OS uptime: 0 days 8:52 hours

CPU:total 8 (initial active 8) (8 cores per cpu, 2 threads per core) family 23 model 17 stepping 0, cmov, cx8, fxsr, mmx, sse, sse2, sse3, ssse3, sse4.1, sse4.2, popcnt, avx, avx2, aes, clmul, mmxext, 3dnowpref, lzcnt, sse4a, ht, tsc, tscinvbit, tscinv, bmi1, bmi2, adx, sha, fma

Memory: 4k page, system-wide physical 15293M (7683M free)
TotalPageFile size 17597M (AvailPageFile size 6032M)
current process WorkingSet (physical memory assigned to process): 56M, peak: 56M
current process commit charge ("private bytes"): 350M, peak: 350M

vm_info: Java HotSpot(TM) 64-Bit Server VM (14+36-1461) for windows-amd64 JRE (14+36-1461), built on Feb  6 2020 19:08:04 by "mach5one" with MS VC++ 15.9 (VS2017)

END.
